16:12:01.945 [main] DEBUG com.intuit.karate.Suite - [config] classpath:karate-config.js
16:12:01.954 [main] DEBUG com.intuit.karate.Suite - waiting for 2 features to complete
16:12:02.814 [pool-1-thread-5] INFO  com.intuit.karate - karate.env system property was: null 
16:12:02.814 [pool-1-thread-3] INFO  com.intuit.karate - karate.env system property was: null 
16:12:02.814 [pool-1-thread-2] INFO  com.intuit.karate - karate.env system property was: null 
16:12:02.814 [pool-1-thread-4] INFO  com.intuit.karate - karate.env system property was: null 
16:12:02.814 [pool-1-thread-1] INFO  com.intuit.karate - karate.env system property was: null 
16:12:03.289 [pool-1-thread-1] DEBUG com.intuit.karate - request:
1 > GET https://jsonplaceholder.typicode.com/users
1 > Host: jsonplaceholder.typicode.com
1 > Connection: Keep-Alive
1 > User-Agent: Apache-HttpClient/4.5.13 (Java/1.8.0_241)
1 > Accept-Encoding: gzip,deflate


16:12:03.289 [pool-1-thread-5] DEBUG com.intuit.karate - request:
1 > POST https://jsonplaceholder.typicode.com/users
1 > Content-Type: application/json; charset=UTF-8
1 > Content-Length: 161
1 > Host: jsonplaceholder.typicode.com
1 > Connection: Keep-Alive
1 > User-Agent: Apache-HttpClient/4.5.13 (Java/1.8.0_241)
1 > Accept-Encoding: gzip,deflate
{"name":"ahmad","username":"ahmad001","email":"ahmad@gmail.com","address":{"street":"123 no where","suite":"apt 111","city":"Washington","zipcode":"22185-5525"}}

16:12:03.289 [pool-1-thread-2] DEBUG com.intuit.karate - request:
1 > POST https://jsonplaceholder.typicode.com/users
1 > Content-Type: application/json; charset=UTF-8
1 > Content-Length: 173
1 > Host: jsonplaceholder.typicode.com
1 > Connection: Keep-Alive
1 > User-Agent: Apache-HttpClient/4.5.13 (Java/1.8.0_241)
1 > Accept-Encoding: gzip,deflate
{"name":"James Bond","username":"bond007","email":"james.bond@gmail.com","address":{"street":"007 No time to die","suite":"Apt. 007","city":"London","zipcode":"54321-6789"}}

16:12:03.289 [pool-1-thread-3] DEBUG com.intuit.karate - request:
1 > POST https://jsonplaceholder.typicode.com/users
1 > Content-Type: application/json; charset=UTF-8
1 > Content-Length: 154
1 > Host: jsonplaceholder.typicode.com
1 > Connection: Keep-Alive
1 > User-Agent: Apache-HttpClient/4.5.13 (Java/1.8.0_241)
1 > Accept-Encoding: gzip,deflate
{"name":"alex","username":"alex001","email":"alex@gmail.com","address":{"street":"123 no where","suite":"apt 111","city":"London","zipcode":"22185-5525"}}

16:12:03.289 [pool-1-thread-4] DEBUG com.intuit.karate - request:
1 > POST https://jsonplaceholder.typicode.com/users
1 > Content-Type: application/json; charset=UTF-8
1 > Content-Length: 156
1 > Host: jsonplaceholder.typicode.com
1 > Connection: Keep-Alive
1 > User-Agent: Apache-HttpClient/4.5.13 (Java/1.8.0_241)
1 > Accept-Encoding: gzip,deflate
{"name":"jack","username":"jack001","email":"jack@gmail.com","address":{"street":"123 no where","suite":"apt 111","city":"New york","zipcode":"22185-5525"}}

16:12:03.569 [pool-1-thread-1] DEBUG com.intuit.karate - response time in milliseconds: 269
1 < 200
1 < Date: Thu, 03 Mar 2022 00:12:03 GMT
1 < Content-Type: application/json; charset=utf-8
1 < Transfer-Encoding: chunked
1 < Connection: keep-alive
1 < x-powered-by: Express
1 < x-ratelimit-limit: 1000
1 < x-ratelimit-remaining: 999
1 < x-ratelimit-reset: 1643213421
1 < vary: Origin, Accept-Encoding
1 < access-control-allow-credentials: true
1 < cache-control: max-age=43200
1 < pragma: no-cache
1 < expires: -1
1 < x-content-type-options: nosniff
1 < etag: W/"160d-1eMSsxeJRfnVLRBmYJSbCiJZ1qQ"
1 < via: 1.1 vegur
1 < CF-Cache-Status: HIT
1 < Age: 28388
1 < Expect-CT: max-age=604800, report-uri="https://report-uri.cloudflare.com/cdn-cgi/beacon/expect-ct"
1 < Report-To: {"endpoints":[{"url":"https:\/\/a.nel.cloudflare.com\/report\/v3?s=50b98CS2lGDuIjnLsm0h3l%2FhLHWA4Qdxpwjjt%2BvkmVKgIrQ8kB8nRr7ww8ebe%2BwYAifuqwmKacRyWUJtdmou13LPTUuTLRTKyHWpG9UjzN5cJ4p9Wbc%2BXolLZOlOohlvCOLv60dmneILAaqMIGIw"}],"group":"cf-nel","max_age":604800}
1 < NEL: {"success_fraction":0,"report_to":"cf-nel","max_age":604800}
1 < Server: cloudflare
1 < CF-RAY: 6e5e288a7b237bbf-LAX
1 < alt-svc: h3=":443"; ma=86400, h3-29=":443"; ma=86400
[
  {
    "id": 1,
    "name": "Leanne Graham",
    "username": "Bret",
    "email": "Sincere@april.biz",
    "address": {
      "street": "Kulas Light",
      "suite": "Apt. 556",
      "city": "Gwenborough",
      "zipcode": "92998-3874",
      "geo": {
        "lat": "-37.3159",
        "lng": "81.1496"
      }
    },
    "phone": "1-770-736-8031 x56442",
    "website": "hildegard.org",
    "company": {
      "name": "Romaguera-Crona",
      "catchPhrase": "Multi-layered client-server neural-net",
      "bs": "harness real-time e-markets"
    }
  },
  {
    "id": 2,
    "name": "Ervin Howell",
    "username": "Antonette",
    "email": "Shanna@melissa.tv",
    "address": {
      "street": "Victor Plains",
      "suite": "Suite 879",
      "city": "Wisokyburgh",
      "zipcode": "90566-7771",
      "geo": {
        "lat": "-43.9509",
        "lng": "-34.4618"
      }
    },
    "phone": "010-692-6593 x09125",
    "website": "anastasia.net",
    "company": {
      "name": "Deckow-Crist",
      "catchPhrase": "Proactive didactic contingency",
      "bs": "synergize scalable supply-chains"
    }
  },
  {
    "id": 3,
    "name": "Clementine Bauch",
    "username": "Samantha",
    "email": "Nathan@yesenia.net",
    "address": {
      "street": "Douglas Extension",
      "suite": "Suite 847",
      "city": "McKenziehaven",
      "zipcode": "59590-4157",
      "geo": {
        "lat": "-68.6102",
        "lng": "-47.0653"
      }
    },
    "phone": "1-463-123-4447",
    "website": "ramiro.info",
    "company": {
      "name": "Romaguera-Jacobson",
      "catchPhrase": "Face to face bifurcated interface",
      "bs": "e-enable strategic applications"
    }
  },
  {
    "id": 4,
    "name": "Patricia Lebsack",
    "username": "Karianne",
    "email": "Julianne.OConner@kory.org",
    "address": {
      "street": "Hoeger Mall",
      "suite": "Apt. 692",
      "city": "South Elvis",
      "zipcode": "53919-4257",
      "geo": {
        "lat": "29.4572",
        "lng": "-164.2990"
      }
    },
    "phone": "493-170-9623 x156",
    "website": "kale.biz",
    "company": {
      "name": "Robel-Corkery",
      "catchPhrase": "Multi-tiered zero tolerance productivity",
      "bs": "transition cutting-edge web services"
    }
  },
  {
    "id": 5,
    "name": "Chelsey Dietrich",
    "username": "Kamren",
    "email": "Lucio_Hettinger@annie.ca",
    "address": {
      "street": "Skiles Walks",
      "suite": "Suite 351",
      "city": "Roscoeview",
      "zipcode": "33263",
      "geo": {
        "lat": "-31.8129",
        "lng": "62.5342"
      }
    },
    "phone": "(254)954-1289",
    "website": "demarco.info",
    "company": {
      "name": "Keebler LLC",
      "catchPhrase": "User-centric fault-tolerant solution",
      "bs": "revolutionize end-to-end systems"
    }
  },
  {
    "id": 6,
    "name": "Mrs. Dennis Schulist",
    "username": "Leopoldo_Corkery",
    "email": "Karley_Dach@jasper.info",
    "address": {
      "street": "Norberto Crossing",
      "suite": "Apt. 950",
      "city": "South Christy",
      "zipcode": "23505-1337",
      "geo": {
        "lat": "-71.4197",
        "lng": "71.7478"
      }
    },
    "phone": "1-477-935-8478 x6430",
    "website": "ola.org",
    "company": {
      "name": "Considine-Lockman",
      "catchPhrase": "Synchronised bottom-line interface",
      "bs": "e-enable innovative applications"
    }
  },
  {
    "id": 7,
    "name": "Kurtis Weissnat",
    "username": "Elwyn.Skiles",
    "email": "Telly.Hoeger@billy.biz",
    "address": {
      "street": "Rex Trail",
      "suite": "Suite 280",
      "city": "Howemouth",
      "zipcode": "58804-1099",
      "geo": {
        "lat": "24.8918",
        "lng": "21.8984"
      }
    },
    "phone": "210.067.6132",
    "website": "elvis.io",
    "company": {
      "name": "Johns Group",
      "catchPhrase": "Configurable multimedia task-force",
      "bs": "generate enterprise e-tailers"
    }
  },
  {
    "id": 8,
    "name": "Nicholas Runolfsdottir V",
    "username": "Maxime_Nienow",
    "email": "Sherwood@rosamond.me",
    "address": {
      "street": "Ellsworth Summit",
      "suite": "Suite 729",
      "city": "Aliyaview",
      "zipcode": "45169",
      "geo": {
        "lat": "-14.3990",
        "lng": "-120.7677"
      }
    },
    "phone": "586.493.6943 x140",
    "website": "jacynthe.com",
    "company": {
      "name": "Abernathy Group",
      "catchPhrase": "Implemented secondary concept",
      "bs": "e-enable extensible e-tailers"
    }
  },
  {
    "id": 9,
    "name": "Glenna Reichert",
    "username": "Delphine",
    "email": "Chaim_McDermott@dana.io",
    "address": {
      "street": "Dayna Park",
      "suite": "Suite 449",
      "city": "Bartholomebury",
      "zipcode": "76495-3109",
      "geo": {
        "lat": "24.6463",
        "lng": "-168.8889"
      }
    },
    "phone": "(775)976-6794 x41206",
    "website": "conrad.com",
    "company": {
      "name": "Yost and Sons",
      "catchPhrase": "Switchable contextually-based project",
      "bs": "aggregate real-time technologies"
    }
  },
  {
    "id": 10,
    "name": "Clementina DuBuque",
    "username": "Moriah.Stanton",
    "email": "Rey.Padberg@karina.biz",
    "address": {
      "street": "Kattie Turnpike",
      "suite": "Suite 198",
      "city": "Lebsackbury",
      "zipcode": "31428-2261",
      "geo": {
        "lat": "-38.2386",
        "lng": "57.2232"
      }
    },
    "phone": "024-648-3804",
    "website": "ambrose.net",
    "company": {
      "name": "Hoeger LLC",
      "catchPhrase": "Centralized empowering task-force",
      "bs": "target end-to-end models"
    }
  }
]
16:12:03.576 [pool-1-thread-1] INFO  com.intuit.karate - [print] [
  {
    "id": 1,
    "name": "Leanne Graham",
    "username": "Bret",
    "email": "Sincere@april.biz",
    "address": {
      "street": "Kulas Light",
      "suite": "Apt. 556",
      "city": "Gwenborough",
      "zipcode": "92998-3874",
      "geo": {
        "lat": "-37.3159",
        "lng": "81.1496"
      }
    },
    "phone": "1-770-736-8031 x56442",
    "website": "hildegard.org",
    "company": {
      "name": "Romaguera-Crona",
      "catchPhrase": "Multi-layered client-server neural-net",
      "bs": "harness real-time e-markets"
    }
  },
  {
    "id": 2,
    "name": "Ervin Howell",
    "username": "Antonette",
    "email": "Shanna@melissa.tv",
    "address": {
      "street": "Victor Plains",
      "suite": "Suite 879",
      "city": "Wisokyburgh",
      "zipcode": "90566-7771",
      "geo": {
        "lat": "-43.9509",
        "lng": "-34.4618"
      }
    },
    "phone": "010-692-6593 x09125",
    "website": "anastasia.net",
    "company": {
      "name": "Deckow-Crist",
      "catchPhrase": "Proactive didactic contingency",
      "bs": "synergize scalable supply-chains"
    }
  },
  {
    "id": 3,
    "name": "Clementine Bauch",
    "username": "Samantha",
    "email": "Nathan@yesenia.net",
    "address": {
      "street": "Douglas Extension",
      "suite": "Suite 847",
      "city": "McKenziehaven",
      "zipcode": "59590-4157",
      "geo": {
        "lat": "-68.6102",
        "lng": "-47.0653"
      }
    },
    "phone": "1-463-123-4447",
    "website": "ramiro.info",
    "company": {
      "name": "Romaguera-Jacobson",
      "catchPhrase": "Face to face bifurcated interface",
      "bs": "e-enable strategic applications"
    }
  },
  {
    "id": 4,
    "name": "Patricia Lebsack",
    "username": "Karianne",
    "email": "Julianne.OConner@kory.org",
    "address": {
      "street": "Hoeger Mall",
      "suite": "Apt. 692",
      "city": "South Elvis",
      "zipcode": "53919-4257",
      "geo": {
        "lat": "29.4572",
        "lng": "-164.2990"
      }
    },
    "phone": "493-170-9623 x156",
    "website": "kale.biz",
    "company": {
      "name": "Robel-Corkery",
      "catchPhrase": "Multi-tiered zero tolerance productivity",
      "bs": "transition cutting-edge web services"
    }
  },
  {
    "id": 5,
    "name": "Chelsey Dietrich",
    "username": "Kamren",
    "email": "Lucio_Hettinger@annie.ca",
    "address": {
      "street": "Skiles Walks",
      "suite": "Suite 351",
      "city": "Roscoeview",
      "zipcode": "33263",
      "geo": {
        "lat": "-31.8129",
        "lng": "62.5342"
      }
    },
    "phone": "(254)954-1289",
    "website": "demarco.info",
    "company": {
      "name": "Keebler LLC",
      "catchPhrase": "User-centric fault-tolerant solution",
      "bs": "revolutionize end-to-end systems"
    }
  },
  {
    "id": 6,
    "name": "Mrs. Dennis Schulist",
    "username": "Leopoldo_Corkery",
    "email": "Karley_Dach@jasper.info",
    "address": {
      "street": "Norberto Crossing",
      "suite": "Apt. 950",
      "city": "South Christy",
      "zipcode": "23505-1337",
      "geo": {
        "lat": "-71.4197",
        "lng": "71.7478"
      }
    },
    "phone": "1-477-935-8478 x6430",
    "website": "ola.org",
    "company": {
      "name": "Considine-Lockman",
      "catchPhrase": "Synchronised bottom-line interface",
      "bs": "e-enable innovative applications"
    }
  },
  {
    "id": 7,
    "name": "Kurtis Weissnat",
    "username": "Elwyn.Skiles",
    "email": "Telly.Hoeger@billy.biz",
    "address": {
      "street": "Rex Trail",
      "suite": "Suite 280",
      "city": "Howemouth",
      "zipcode": "58804-1099",
      "geo": {
        "lat": "24.8918",
        "lng": "21.8984"
      }
    },
    "phone": "210.067.6132",
    "website": "elvis.io",
    "company": {
      "name": "Johns Group",
      "catchPhrase": "Configurable multimedia task-force",
      "bs": "generate enterprise e-tailers"
    }
  },
  {
    "id": 8,
    "name": "Nicholas Runolfsdottir V",
    "username": "Maxime_Nienow",
    "email": "Sherwood@rosamond.me",
    "address": {
      "street": "Ellsworth Summit",
      "suite": "Suite 729",
      "city": "Aliyaview",
      "zipcode": "45169",
      "geo": {
        "lat": "-14.3990",
        "lng": "-120.7677"
      }
    },
    "phone": "586.493.6943 x140",
    "website": "jacynthe.com",
    "company": {
      "name": "Abernathy Group",
      "catchPhrase": "Implemented secondary concept",
      "bs": "e-enable extensible e-tailers"
    }
  },
  {
    "id": 9,
    "name": "Glenna Reichert",
    "username": "Delphine",
    "email": "Chaim_McDermott@dana.io",
    "address": {
      "street": "Dayna Park",
      "suite": "Suite 449",
      "city": "Bartholomebury",
      "zipcode": "76495-3109",
      "geo": {
        "lat": "24.6463",
        "lng": "-168.8889"
      }
    },
    "phone": "(775)976-6794 x41206",
    "website": "conrad.com",
    "company": {
      "name": "Yost and Sons",
      "catchPhrase": "Switchable contextually-based project",
      "bs": "aggregate real-time technologies"
    }
  },
  {
    "id": 10,
    "name": "Clementina DuBuque",
    "username": "Moriah.Stanton",
    "email": "Rey.Padberg@karina.biz",
    "address": {
      "street": "Kattie Turnpike",
      "suite": "Suite 198",
      "city": "Lebsackbury",
      "zipcode": "31428-2261",
      "geo": {
        "lat": "-38.2386",
        "lng": "57.2232"
      }
    },
    "phone": "024-648-3804",
    "website": "ambrose.net",
    "company": {
      "name": "Hoeger LLC",
      "catchPhrase": "Centralized empowering task-force",
      "bs": "target end-to-end models"
    }
  }
]
 
16:12:03.583 [pool-1-thread-1] INFO  com.intuit.karate - [print] 1 
16:12:03.590 [pool-1-thread-1] INFO  com.intuit.karate - karate.env system property was: null 
16:12:03.593 [pool-1-thread-1] DEBUG com.intuit.karate - request:
1 > POST https://jsonplaceholder.typicode.com/users
1 > Content-Type: application/json; charset=UTF-8
1 > Content-Length: 156
1 > Host: jsonplaceholder.typicode.com
1 > Connection: Keep-Alive
1 > User-Agent: Apache-HttpClient/4.5.13 (Java/1.8.0_241)
1 > Accept-Encoding: gzip,deflate
{"name":"sasha","username":"sasha001","email":"sasha@gmail.com","address":{"street":"123 no where","suite":"apt 111","city":"Paris","zipcode":"22185-5525"}}

16:12:03.676 [pool-1-thread-4] DEBUG com.intuit.karate - response time in milliseconds: 377
1 < 201
1 < Date: Thu, 03 Mar 2022 00:12:03 GMT
1 < Content-Type: application/json; charset=utf-8
1 < Content-Length: 212
1 < Connection: keep-alive
1 < X-Powered-By: Express
1 < X-Ratelimit-Limit: 1000
1 < X-Ratelimit-Remaining: 999
1 < X-Ratelimit-Reset: 1646266359
1 < Vary: Origin, X-HTTP-Method-Override, Accept-Encoding
1 < Access-Control-Allow-Credentials: true
1 < Cache-Control: no-cache
1 < Pragma: no-cache
1 < Expires: -1
1 < Access-Control-Expose-Headers: Location
1 < Location: http://jsonplaceholder.typicode.com/users/11
1 < X-Content-Type-Options: nosniff
1 < Etag: W/"d4-JozIGcjdAJP1o239f760SZOZFAk"
1 < Via: 1.1 vegur
1 < CF-Cache-Status: DYNAMIC
1 < Expect-CT: max-age=604800, report-uri="https://report-uri.cloudflare.com/cdn-cgi/beacon/expect-ct"
1 < Report-To: {"endpoints":[{"url":"https:\/\/a.nel.cloudflare.com\/report\/v3?s=uxBGRLz9dektBOpUTHB33JcSy4ggTw8xujw%2F6IW6u5muhn43jNXPSejchPaQUPObGcD3DgfXQ30xf7MRou%2F7%2FnzZTYIZ7I0WanPDkaxRD4Nu8lBOCE%2BV5i2RGE4fzWYkbgXv%2FFTSubHJIus8D%2FB%2B"}],"group":"cf-nel","max_age":604800}
1 < NEL: {"success_fraction":0,"report_to":"cf-nel","max_age":604800}
1 < Server: cloudflare
1 < CF-RAY: 6e5e288a59aa7cf8-LAX
1 < alt-svc: h3=":443"; ma=86400, h3-29=":443"; ma=86400
{
  "name": "jack",
  "username": "jack001",
  "email": "jack@gmail.com",
  "address": {
    "street": "123 no where",
    "suite": "apt 111",
    "city": "New york",
    "zipcode": "22185-5525"
  },
  "id": 11
}
16:12:03.678 [pool-1-thread-4] INFO  com.intuit.karate - [print] {
  "name": "jack",
  "username": "jack001",
  "email": "jack@gmail.com",
  "address": {
    "street": "123 no where",
    "suite": "apt 111",
    "city": "New york",
    "zipcode": "22185-5525"
  },
  "id": 11
}
 
16:12:03.689 [pool-1-thread-3] DEBUG com.intuit.karate - response time in milliseconds: 390
1 < 201
1 < Date: Thu, 03 Mar 2022 00:12:03 GMT
1 < Content-Type: application/json; charset=utf-8
1 < Content-Length: 210
1 < Connection: keep-alive
1 < X-Powered-By: Express
1 < X-Ratelimit-Limit: 1000
1 < X-Ratelimit-Remaining: 998
1 < X-Ratelimit-Reset: 1646266359
1 < Vary: Origin, X-HTTP-Method-Override, Accept-Encoding
1 < Access-Control-Allow-Credentials: true
1 < Cache-Control: no-cache
1 < Pragma: no-cache
1 < Expires: -1
1 < Access-Control-Expose-Headers: Location
1 < Location: http://jsonplaceholder.typicode.com/users/11
1 < X-Content-Type-Options: nosniff
1 < Etag: W/"d2-1L2OIRp0uNxPAe+VUIAxVf+4nw8"
1 < Via: 1.1 vegur
1 < CF-Cache-Status: DYNAMIC
1 < Expect-CT: max-age=604800, report-uri="https://report-uri.cloudflare.com/cdn-cgi/beacon/expect-ct"
1 < Report-To: {"endpoints":[{"url":"https:\/\/a.nel.cloudflare.com\/report\/v3?s=phQUq51Pxkf1Flq%2F1cHyoia9O%2FTfXzxL%2FzbRyAz7wyMiq%2BXhkW6GrZnzrpjMu88MLgbUaLShJyGdjtucUKm2Ik1T0C%2F7wZtZrzqoGbwICLfiVzk2kLdWJbzYXjXi8kMSrOd7xhaa6Wmo99xmMjn8"}],"group":"cf-nel","max_age":604800}
1 < NEL: {"success_fraction":0,"report_to":"cf-nel","max_age":604800}
1 < Server: cloudflare
1 < CF-RAY: 6e5e288a6cf6528f-LAX
1 < alt-svc: h3=":443"; ma=86400, h3-29=":443"; ma=86400
{
  "name": "alex",
  "username": "alex001",
  "email": "alex@gmail.com",
  "address": {
    "street": "123 no where",
    "suite": "apt 111",
    "city": "London",
    "zipcode": "22185-5525"
  },
  "id": 11
}
16:12:03.692 [pool-1-thread-3] INFO  com.intuit.karate - [print] {
  "name": "alex",
  "username": "alex001",
  "email": "alex@gmail.com",
  "address": {
    "street": "123 no where",
    "suite": "apt 111",
    "city": "London",
    "zipcode": "22185-5525"
  },
  "id": 11
}
 
16:12:03.697 [pool-1-thread-4] INFO  com.intuit.karate - karate.env system property was: null 
16:12:03.700 [pool-1-thread-4] DEBUG com.intuit.karate - request:
1 > GET https://jsonplaceholder.typicode.com/users
1 > Host: jsonplaceholder.typicode.com
1 > Connection: Keep-Alive
1 > User-Agent: Apache-HttpClient/4.5.13 (Java/1.8.0_241)
1 > Accept-Encoding: gzip,deflate


16:12:03.702 [pool-1-thread-5] DEBUG com.intuit.karate - response time in milliseconds: 403
1 < 201
1 < Date: Thu, 03 Mar 2022 00:12:03 GMT
1 < Content-Type: application/json; charset=utf-8
1 < Content-Length: 217
1 < Connection: keep-alive
1 < X-Powered-By: Express
1 < X-Ratelimit-Limit: 1000
1 < X-Ratelimit-Remaining: 997
1 < X-Ratelimit-Reset: 1646266359
1 < Vary: Origin, X-HTTP-Method-Override, Accept-Encoding
1 < Access-Control-Allow-Credentials: true
1 < Cache-Control: no-cache
1 < Pragma: no-cache
1 < Expires: -1
1 < Access-Control-Expose-Headers: Location
1 < Location: http://jsonplaceholder.typicode.com/users/11
1 < X-Content-Type-Options: nosniff
1 < Etag: W/"d9-InLO6/td3H81FT4Ux/j/3SwmL9A"
1 < Via: 1.1 vegur
1 < CF-Cache-Status: DYNAMIC
1 < Expect-CT: max-age=604800, report-uri="https://report-uri.cloudflare.com/cdn-cgi/beacon/expect-ct"
1 < Report-To: {"endpoints":[{"url":"https:\/\/a.nel.cloudflare.com\/report\/v3?s=5lo9e7S7EbrFm0PAIFrMZdhlGsPVqpre3OAxtD7zDf0YwmIpEpGcvUfl7fVjfNWcBVJRFf8302GjR4vFgDocGIEKX5If8TOY2Yd2DJQUO%2Fpo4b5QqYRz5BgJ7T0jhte2Dt%2FOWpbGbqnR9NxAA9AT"}],"group":"cf-nel","max_age":604800}
1 < NEL: {"success_fraction":0,"report_to":"cf-nel","max_age":604800}
1 < Server: cloudflare
1 < CF-RAY: 6e5e288a683e7e4d-LAX
1 < alt-svc: h3=":443"; ma=86400, h3-29=":443"; ma=86400
{
  "name": "ahmad",
  "username": "ahmad001",
  "email": "ahmad@gmail.com",
  "address": {
    "street": "123 no where",
    "suite": "apt 111",
    "city": "Washington",
    "zipcode": "22185-5525"
  },
  "id": 11
}
16:12:03.703 [pool-1-thread-3] INFO  com.intuit.karate - karate.env system property was: null 
16:12:03.704 [pool-1-thread-5] INFO  com.intuit.karate - [print] {
  "name": "ahmad",
  "username": "ahmad001",
  "email": "ahmad@gmail.com",
  "address": {
    "street": "123 no where",
    "suite": "apt 111",
    "city": "Washington",
    "zipcode": "22185-5525"
  },
  "id": 11
}
 
16:12:03.707 [pool-1-thread-3] DEBUG com.intuit.karate - request:
1 > POST https://jsonplaceholder.typicode.com/users
1 > Content-Type: application/json; charset=UTF-8
1 > Content-Length: 160
1 > Host: jsonplaceholder.typicode.com
1 > Connection: Keep-Alive
1 > User-Agent: Apache-HttpClient/4.5.13 (Java/1.8.0_241)
1 > Accept-Encoding: gzip,deflate
{"name":"Test User","username":"testuser","email":"test@user.com","address":{"street":"Has No Name","suite":"Apt. 123","city":"Electri","zipcode":"54321-6789"}}

16:12:03.746 [pool-1-thread-2] DEBUG com.intuit.karate - response time in milliseconds: 447
1 < 201
1 < Date: Thu, 03 Mar 2022 00:12:03 GMT
1 < Content-Type: application/json; charset=utf-8
1 < Content-Length: 229
1 < Connection: keep-alive
1 < X-Powered-By: Express
1 < X-Ratelimit-Limit: 1000
1 < X-Ratelimit-Remaining: 996
1 < X-Ratelimit-Reset: 1646266359
1 < Vary: Origin, X-HTTP-Method-Override, Accept-Encoding
1 < Access-Control-Allow-Credentials: true
1 < Cache-Control: no-cache
1 < Pragma: no-cache
1 < Expires: -1
1 < Access-Control-Expose-Headers: Location
1 < Location: http://jsonplaceholder.typicode.com/users/11
1 < X-Content-Type-Options: nosniff
1 < Etag: W/"e5-3UUcPCg8qz3ac976SOcndIhR5eQ"
1 < Via: 1.1 vegur
1 < CF-Cache-Status: DYNAMIC
1 < Expect-CT: max-age=604800, report-uri="https://report-uri.cloudflare.com/cdn-cgi/beacon/expect-ct"
1 < Report-To: {"endpoints":[{"url":"https:\/\/a.nel.cloudflare.com\/report\/v3?s=pRH%2FqqPMHqZooZOMJiFZNQA%2BBWM1AwL8fcth5NCN0bhTHaQIsSZcG5ymY08z8q5MnX%2F2LFjTusccu%2BknIcEeHBOHXNH2TdjqQJSCDNn2xlBBVvuk9tbr24KBAFUOloATsFgtaHRn2rjMZ5YF%2Fjpv"}],"group":"cf-nel","max_age":604800}
1 < NEL: {"success_fraction":0,"report_to":"cf-nel","max_age":604800}
1 < Server: cloudflare
1 < CF-RAY: 6e5e288a8e790c93-LAX
1 < alt-svc: h3=":443"; ma=86400, h3-29=":443"; ma=86400
{
  "name": "James Bond",
  "username": "bond007",
  "email": "james.bond@gmail.com",
  "address": {
    "street": "007 No time to die",
    "suite": "Apt. 007",
    "city": "London",
    "zipcode": "54321-6789"
  },
  "id": 11
}
16:12:03.748 [pool-1-thread-2] INFO  com.intuit.karate - [print] {
  "name": "James Bond",
  "username": "bond007",
  "email": "james.bond@gmail.com",
  "address": {
    "street": "007 No time to die",
    "suite": "Apt. 007",
    "city": "London",
    "zipcode": "54321-6789"
  },
  "id": 11
}
 
16:12:03.880 [pool-1-thread-4] DEBUG com.intuit.karate - response time in milliseconds: 180
1 < 200
1 < Date: Thu, 03 Mar 2022 00:12:03 GMT
1 < Content-Type: application/json; charset=utf-8
1 < Transfer-Encoding: chunked
1 < Connection: keep-alive
1 < x-powered-by: Express
1 < x-ratelimit-limit: 1000
1 < x-ratelimit-remaining: 999
1 < x-ratelimit-reset: 1637172972
1 < vary: Origin, Accept-Encoding
1 < access-control-allow-credentials: true
1 < cache-control: max-age=43200
1 < pragma: no-cache
1 < expires: -1
1 < x-content-type-options: nosniff
1 < etag: W/"160d-1eMSsxeJRfnVLRBmYJSbCiJZ1qQ"
1 < via: 1.1 vegur
1 < CF-Cache-Status: HIT
1 < Age: 25251
1 < Expect-CT: max-age=604800, report-uri="https://report-uri.cloudflare.com/cdn-cgi/beacon/expect-ct"
1 < Report-To: {"endpoints":[{"url":"https:\/\/a.nel.cloudflare.com\/report\/v3?s=jmQW%2BEOexcZA7hVv72VCFm13kimV348Ee%2BZRWvM%2BEOEYNEl%2FNoRlcMeqbDY0fHmTlNJSsBu970Y3AEsyFpxuCZ8%2B%2BL7WyOv4EJuXxyZD8KBwKJ5p6eRBINOyu0H2niABu13jAWKK2UBDpO3VAqKT"}],"group":"cf-nel","max_age":604800}
1 < NEL: {"success_fraction":0,"report_to":"cf-nel","max_age":604800}
1 < Server: cloudflare
1 < CF-RAY: 6e5e288c6a7d7ce5-LAX
1 < alt-svc: h3=":443"; ma=86400, h3-29=":443"; ma=86400
[
  {
    "id": 1,
    "name": "Leanne Graham",
    "username": "Bret",
    "email": "Sincere@april.biz",
    "address": {
      "street": "Kulas Light",
      "suite": "Apt. 556",
      "city": "Gwenborough",
      "zipcode": "92998-3874",
      "geo": {
        "lat": "-37.3159",
        "lng": "81.1496"
      }
    },
    "phone": "1-770-736-8031 x56442",
    "website": "hildegard.org",
    "company": {
      "name": "Romaguera-Crona",
      "catchPhrase": "Multi-layered client-server neural-net",
      "bs": "harness real-time e-markets"
    }
  },
  {
    "id": 2,
    "name": "Ervin Howell",
    "username": "Antonette",
    "email": "Shanna@melissa.tv",
    "address": {
      "street": "Victor Plains",
      "suite": "Suite 879",
      "city": "Wisokyburgh",
      "zipcode": "90566-7771",
      "geo": {
        "lat": "-43.9509",
        "lng": "-34.4618"
      }
    },
    "phone": "010-692-6593 x09125",
    "website": "anastasia.net",
    "company": {
      "name": "Deckow-Crist",
      "catchPhrase": "Proactive didactic contingency",
      "bs": "synergize scalable supply-chains"
    }
  },
  {
    "id": 3,
    "name": "Clementine Bauch",
    "username": "Samantha",
    "email": "Nathan@yesenia.net",
    "address": {
      "street": "Douglas Extension",
      "suite": "Suite 847",
      "city": "McKenziehaven",
      "zipcode": "59590-4157",
      "geo": {
        "lat": "-68.6102",
        "lng": "-47.0653"
      }
    },
    "phone": "1-463-123-4447",
    "website": "ramiro.info",
    "company": {
      "name": "Romaguera-Jacobson",
      "catchPhrase": "Face to face bifurcated interface",
      "bs": "e-enable strategic applications"
    }
  },
  {
    "id": 4,
    "name": "Patricia Lebsack",
    "username": "Karianne",
    "email": "Julianne.OConner@kory.org",
    "address": {
      "street": "Hoeger Mall",
      "suite": "Apt. 692",
      "city": "South Elvis",
      "zipcode": "53919-4257",
      "geo": {
        "lat": "29.4572",
        "lng": "-164.2990"
      }
    },
    "phone": "493-170-9623 x156",
    "website": "kale.biz",
    "company": {
      "name": "Robel-Corkery",
      "catchPhrase": "Multi-tiered zero tolerance productivity",
      "bs": "transition cutting-edge web services"
    }
  },
  {
    "id": 5,
    "name": "Chelsey Dietrich",
    "username": "Kamren",
    "email": "Lucio_Hettinger@annie.ca",
    "address": {
      "street": "Skiles Walks",
      "suite": "Suite 351",
      "city": "Roscoeview",
      "zipcode": "33263",
      "geo": {
        "lat": "-31.8129",
        "lng": "62.5342"
      }
    },
    "phone": "(254)954-1289",
    "website": "demarco.info",
    "company": {
      "name": "Keebler LLC",
      "catchPhrase": "User-centric fault-tolerant solution",
      "bs": "revolutionize end-to-end systems"
    }
  },
  {
    "id": 6,
    "name": "Mrs. Dennis Schulist",
    "username": "Leopoldo_Corkery",
    "email": "Karley_Dach@jasper.info",
    "address": {
      "street": "Norberto Crossing",
      "suite": "Apt. 950",
      "city": "South Christy",
      "zipcode": "23505-1337",
      "geo": {
        "lat": "-71.4197",
        "lng": "71.7478"
      }
    },
    "phone": "1-477-935-8478 x6430",
    "website": "ola.org",
    "company": {
      "name": "Considine-Lockman",
      "catchPhrase": "Synchronised bottom-line interface",
      "bs": "e-enable innovative applications"
    }
  },
  {
    "id": 7,
    "name": "Kurtis Weissnat",
    "username": "Elwyn.Skiles",
    "email": "Telly.Hoeger@billy.biz",
    "address": {
      "street": "Rex Trail",
      "suite": "Suite 280",
      "city": "Howemouth",
      "zipcode": "58804-1099",
      "geo": {
        "lat": "24.8918",
        "lng": "21.8984"
      }
    },
    "phone": "210.067.6132",
    "website": "elvis.io",
    "company": {
      "name": "Johns Group",
      "catchPhrase": "Configurable multimedia task-force",
      "bs": "generate enterprise e-tailers"
    }
  },
  {
    "id": 8,
    "name": "Nicholas Runolfsdottir V",
    "username": "Maxime_Nienow",
    "email": "Sherwood@rosamond.me",
    "address": {
      "street": "Ellsworth Summit",
      "suite": "Suite 729",
      "city": "Aliyaview",
      "zipcode": "45169",
      "geo": {
        "lat": "-14.3990",
        "lng": "-120.7677"
      }
    },
    "phone": "586.493.6943 x140",
    "website": "jacynthe.com",
    "company": {
      "name": "Abernathy Group",
      "catchPhrase": "Implemented secondary concept",
      "bs": "e-enable extensible e-tailers"
    }
  },
  {
    "id": 9,
    "name": "Glenna Reichert",
    "username": "Delphine",
    "email": "Chaim_McDermott@dana.io",
    "address": {
      "street": "Dayna Park",
      "suite": "Suite 449",
      "city": "Bartholomebury",
      "zipcode": "76495-3109",
      "geo": {
        "lat": "24.6463",
        "lng": "-168.8889"
      }
    },
    "phone": "(775)976-6794 x41206",
    "website": "conrad.com",
    "company": {
      "name": "Yost and Sons",
      "catchPhrase": "Switchable contextually-based project",
      "bs": "aggregate real-time technologies"
    }
  },
  {
    "id": 10,
    "name": "Clementina DuBuque",
    "username": "Moriah.Stanton",
    "email": "Rey.Padberg@karina.biz",
    "address": {
      "street": "Kattie Turnpike",
      "suite": "Suite 198",
      "city": "Lebsackbury",
      "zipcode": "31428-2261",
      "geo": {
        "lat": "-38.2386",
        "lng": "57.2232"
      }
    },
    "phone": "024-648-3804",
    "website": "ambrose.net",
    "company": {
      "name": "Hoeger LLC",
      "catchPhrase": "Centralized empowering task-force",
      "bs": "target end-to-end models"
    }
  }
]
16:12:03.891 [pool-1-thread-4] DEBUG com.intuit.karate - request:
2 > GET https://jsonplaceholder.typicode.com/users/1
2 > Host: jsonplaceholder.typicode.com
2 > Connection: Keep-Alive
2 > User-Agent: Apache-HttpClient/4.5.13 (Java/1.8.0_241)
2 > Accept-Encoding: gzip,deflate


16:12:03.899 [pool-1-thread-1] DEBUG com.intuit.karate - response time in milliseconds: 306
1 < 201
1 < Date: Thu, 03 Mar 2022 00:12:03 GMT
1 < Content-Type: application/json; charset=utf-8
1 < Content-Length: 212
1 < Connection: keep-alive
1 < X-Powered-By: Express
1 < X-Ratelimit-Limit: 1000
1 < X-Ratelimit-Remaining: 995
1 < X-Ratelimit-Reset: 1646266359
1 < Vary: Origin, X-HTTP-Method-Override, Accept-Encoding
1 < Access-Control-Allow-Credentials: true
1 < Cache-Control: no-cache
1 < Pragma: no-cache
1 < Expires: -1
1 < Access-Control-Expose-Headers: Location
1 < Location: http://jsonplaceholder.typicode.com/users/11
1 < X-Content-Type-Options: nosniff
1 < Etag: W/"d4-cJ4mgscaD2FJxJHzljnzeSptScY"
1 < Via: 1.1 vegur
1 < CF-Cache-Status: DYNAMIC
1 < Expect-CT: max-age=604800, report-uri="https://report-uri.cloudflare.com/cdn-cgi/beacon/expect-ct"
1 < Report-To: {"endpoints":[{"url":"https:\/\/a.nel.cloudflare.com\/report\/v3?s=6tHcJtOJxB6jkbhMVHrXI28xxSoiYtbabZZm2qfawo2Q7%2FBuh5Ce9GLlw1LA9mATAiamVwq53HcWEp7YoWHuS2nJTG9PzX8DMgm63D7Yvu7e5gJazNVAFv9TPB97HDo%2FjnbQa%2Fiffwm%2FrzQ62%2BGA"}],"group":"cf-nel","max_age":604800}
1 < NEL: {"success_fraction":0,"report_to":"cf-nel","max_age":604800}
1 < Server: cloudflare
1 < CF-RAY: 6e5e288bac5b7e6e-LAX
1 < alt-svc: h3=":443"; ma=86400, h3-29=":443"; ma=86400
{
  "name": "sasha",
  "username": "sasha001",
  "email": "sasha@gmail.com",
  "address": {
    "street": "123 no where",
    "suite": "apt 111",
    "city": "Paris",
    "zipcode": "22185-5525"
  },
  "id": 11
}
16:12:03.901 [pool-1-thread-1] INFO  com.intuit.karate - [print] {
  "name": "sasha",
  "username": "sasha001",
  "email": "sasha@gmail.com",
  "address": {
    "street": "123 no where",
    "suite": "apt 111",
    "city": "Paris",
    "zipcode": "22185-5525"
  },
  "id": 11
}
 
16:12:04.011 [pool-1-thread-3] DEBUG com.intuit.karate - response time in milliseconds: 304
1 < 201
1 < Date: Thu, 03 Mar 2022 00:12:04 GMT
1 < Content-Type: application/json; charset=utf-8
1 < Content-Length: 216
1 < Connection: keep-alive
1 < X-Powered-By: Express
1 < X-Ratelimit-Limit: 1000
1 < X-Ratelimit-Remaining: 994
1 < X-Ratelimit-Reset: 1646266359
1 < Vary: Origin, X-HTTP-Method-Override, Accept-Encoding
1 < Access-Control-Allow-Credentials: true
1 < Cache-Control: no-cache
1 < Pragma: no-cache
1 < Expires: -1
1 < Access-Control-Expose-Headers: Location
1 < Location: http://jsonplaceholder.typicode.com/users/11
1 < X-Content-Type-Options: nosniff
1 < Etag: W/"d8-pYV7+YuMGP2hxHPU9ARrf97ifDA"
1 < Via: 1.1 vegur
1 < CF-Cache-Status: DYNAMIC
1 < Expect-CT: max-age=604800, report-uri="https://report-uri.cloudflare.com/cdn-cgi/beacon/expect-ct"
1 < Report-To: {"endpoints":[{"url":"https:\/\/a.nel.cloudflare.com\/report\/v3?s=sCHGsZSPiq6bo2W0brxbEDtSvugoRcrUagd9%2FvW0beYyaUaUpPeyFHcCg9iqlk6dE%2FEqrlXBmcA1ToA%2FtvoJFAhOmNnChzT1e%2FSMVfQNAxE4R%2F5%2B7%2FhlKAwOf4YcYo7nuYMt6agu1%2FwK5HhL6c7h"}],"group":"cf-nel","max_age":604800}
1 < NEL: {"success_fraction":0,"report_to":"cf-nel","max_age":604800}
1 < Server: cloudflare
1 < CF-RAY: 6e5e288c4ecf7bd7-LAX
1 < alt-svc: h3=":443"; ma=86400, h3-29=":443"; ma=86400
{
  "name": "Test User",
  "username": "testuser",
  "email": "test@user.com",
  "address": {
    "street": "Has No Name",
    "suite": "Apt. 123",
    "city": "Electri",
    "zipcode": "54321-6789"
  },
  "id": 11
}
16:12:04.013 [pool-1-thread-3] INFO  com.intuit.karate - [print] created id is:  11 
16:12:04.065 [pool-1-thread-4] DEBUG com.intuit.karate - response time in milliseconds: 174
2 < 200
2 < Date: Thu, 03 Mar 2022 00:12:04 GMT
2 < Content-Type: application/json; charset=utf-8
2 < Transfer-Encoding: chunked
2 < Connection: keep-alive
2 < x-powered-by: Express
2 < x-ratelimit-limit: 1000
2 < x-ratelimit-remaining: 998
2 < x-ratelimit-reset: 1643683663
2 < vary: Origin, Accept-Encoding
2 < access-control-allow-credentials: true
2 < cache-control: max-age=43200
2 < pragma: no-cache
2 < expires: -1
2 < x-content-type-options: nosniff
2 < etag: W/"1fd-+2Y3G3w049iSZtw5t1mzSnunngE"
2 < via: 1.1 vegur
2 < CF-Cache-Status: HIT
2 < Age: 15996
2 < Expect-CT: max-age=604800, report-uri="https://report-uri.cloudflare.com/cdn-cgi/beacon/expect-ct"
2 < Report-To: {"endpoints":[{"url":"https:\/\/a.nel.cloudflare.com\/report\/v3?s=ulP4We%2BeKHH1FHYcldSbelUsMJ2umeMXqKaDIufuXUK7GYOb9zmBQ32rDvIA6qk2N%2BZ%2F17fXUrP3hQn1Lkzl9hg%2FlI8xMUgJxlK%2F9iQG0UUi%2BDbgfRY9OAao9nK1luN90u1i%2BQumH8BwyLKns0Ss"}],"group":"cf-nel","max_age":604800}
2 < NEL: {"success_fraction":0,"report_to":"cf-nel","max_age":604800}
2 < Server: cloudflare
2 < CF-RAY: 6e5e288d8da952f5-LAX
2 < alt-svc: h3=":443"; ma=86400, h3-29=":443"; ma=86400
{
  "id": 1,
  "name": "Leanne Graham",
  "username": "Bret",
  "email": "Sincere@april.biz",
  "address": {
    "street": "Kulas Light",
    "suite": "Apt. 556",
    "city": "Gwenborough",
    "zipcode": "92998-3874",
    "geo": {
      "lat": "-37.3159",
      "lng": "81.1496"
    }
  },
  "phone": "1-770-736-8031 x56442",
  "website": "hildegard.org",
  "company": {
    "name": "Romaguera-Crona",
    "catchPhrase": "Multi-layered client-server neural-net",
    "bs": "harness real-time e-markets"
  }
}
16:12:04.470 [pool-2-thread-1] INFO  com.intuit.karate.Suite - <<pass>> feature 1 of 2 (1 remaining) classpath:examples/users/Demo.feature
16:12:04.528 [pool-2-thread-1] INFO  com.intuit.karate.Suite - <<pass>> feature 2 of 2 (0 remaining) classpath:examples/users/users.feature
16:15:11.658 [main] DEBUG com.intuit.karate.Suite - [config] classpath:karate-config.js
16:15:11.662 [main] INFO  com.intuit.karate.Suite - backed up existing 'target\karate-reports' dir to: target\karate-reports_1646266511661
16:15:11.668 [main] DEBUG com.intuit.karate.Suite - waiting for 2 features to complete
16:15:12.682 [pool-1-thread-1] INFO  com.intuit.karate - karate.env system property was: null 
16:15:12.682 [pool-1-thread-4] INFO  com.intuit.karate - karate.env system property was: null 
16:15:12.682 [pool-1-thread-3] INFO  com.intuit.karate - karate.env system property was: null 
16:15:12.682 [pool-1-thread-2] INFO  com.intuit.karate - karate.env system property was: null 
16:15:12.682 [pool-1-thread-5] INFO  com.intuit.karate - karate.env system property was: null 
16:15:13.204 [pool-1-thread-1] DEBUG com.intuit.karate - request:
1 > GET https://jsonplaceholder.typicode.com/users
1 > Host: jsonplaceholder.typicode.com
1 > Connection: Keep-Alive
1 > User-Agent: Apache-HttpClient/4.5.13 (Java/1.8.0_241)
1 > Accept-Encoding: gzip,deflate


16:15:13.204 [pool-1-thread-5] DEBUG com.intuit.karate - request:
1 > POST https://jsonplaceholder.typicode.com/users
1 > Content-Type: application/json; charset=UTF-8
1 > Content-Length: 161
1 > Host: jsonplaceholder.typicode.com
1 > Connection: Keep-Alive
1 > User-Agent: Apache-HttpClient/4.5.13 (Java/1.8.0_241)
1 > Accept-Encoding: gzip,deflate
{"name":"ahmad","username":"ahmad001","email":"ahmad@gmail.com","address":{"street":"123 no where","suite":"apt 111","city":"Washington","zipcode":"22185-5525"}}

16:15:13.204 [pool-1-thread-3] DEBUG com.intuit.karate - request:
1 > POST https://jsonplaceholder.typicode.com/users
1 > Content-Type: application/json; charset=UTF-8
1 > Content-Length: 154
1 > Host: jsonplaceholder.typicode.com
1 > Connection: Keep-Alive
1 > User-Agent: Apache-HttpClient/4.5.13 (Java/1.8.0_241)
1 > Accept-Encoding: gzip,deflate
{"name":"alex","username":"alex001","email":"alex@gmail.com","address":{"street":"123 no where","suite":"apt 111","city":"London","zipcode":"22185-5525"}}

16:15:13.204 [pool-1-thread-4] DEBUG com.intuit.karate - request:
1 > POST https://jsonplaceholder.typicode.com/users
1 > Content-Type: application/json; charset=UTF-8
1 > Content-Length: 156
1 > Host: jsonplaceholder.typicode.com
1 > Connection: Keep-Alive
1 > User-Agent: Apache-HttpClient/4.5.13 (Java/1.8.0_241)
1 > Accept-Encoding: gzip,deflate
{"name":"jack","username":"jack001","email":"jack@gmail.com","address":{"street":"123 no where","suite":"apt 111","city":"New york","zipcode":"22185-5525"}}

16:15:13.204 [pool-1-thread-2] DEBUG com.intuit.karate - request:
1 > POST https://jsonplaceholder.typicode.com/users
1 > Content-Type: application/json; charset=UTF-8
1 > Content-Length: 173
1 > Host: jsonplaceholder.typicode.com
1 > Connection: Keep-Alive
1 > User-Agent: Apache-HttpClient/4.5.13 (Java/1.8.0_241)
1 > Accept-Encoding: gzip,deflate
{"name":"James Bond","username":"bond007","email":"james.bond@gmail.com","address":{"street":"007 No time to die","suite":"Apt. 007","city":"London","zipcode":"54321-6789"}}

16:15:13.456 [pool-1-thread-1] DEBUG com.intuit.karate - response time in milliseconds: 251
1 < 200
1 < Date: Thu, 03 Mar 2022 00:15:13 GMT
1 < Content-Type: application/json; charset=utf-8
1 < Transfer-Encoding: chunked
1 < Connection: keep-alive
1 < x-powered-by: Express
1 < x-ratelimit-limit: 1000
1 < x-ratelimit-remaining: 996
1 < x-ratelimit-reset: 1642003743
1 < vary: Origin, Accept-Encoding
1 < access-control-allow-credentials: true
1 < cache-control: max-age=43200
1 < pragma: no-cache
1 < expires: -1
1 < x-content-type-options: nosniff
1 < etag: W/"160d-1eMSsxeJRfnVLRBmYJSbCiJZ1qQ"
1 < via: 1.1 vegur
1 < CF-Cache-Status: HIT
1 < Age: 21281
1 < Expect-CT: max-age=604800, report-uri="https://report-uri.cloudflare.com/cdn-cgi/beacon/expect-ct"
1 < Report-To: {"endpoints":[{"url":"https:\/\/a.nel.cloudflare.com\/report\/v3?s=xGnNummHm1ClMyyXUWUspFnJJxMOPUZhK%2F8oVIb1gcyzs16xqBhu8D6O%2BezpXtaT2wtQKUZsHvYi5VrT5qSfmftOOTONhryxKH6m5kq6zZECkGTsr5S9HRs1pp1QKbc6wp0OisW1C1R8wYRQG25d"}],"group":"cf-nel","max_age":604800}
1 < NEL: {"success_fraction":0,"report_to":"cf-nel","max_age":604800}
1 < Server: cloudflare
1 < CF-RAY: 6e5e2d2d3f325325-LAX
1 < alt-svc: h3=":443"; ma=86400, h3-29=":443"; ma=86400
[
  {
    "id": 1,
    "name": "Leanne Graham",
    "username": "Bret",
    "email": "Sincere@april.biz",
    "address": {
      "street": "Kulas Light",
      "suite": "Apt. 556",
      "city": "Gwenborough",
      "zipcode": "92998-3874",
      "geo": {
        "lat": "-37.3159",
        "lng": "81.1496"
      }
    },
    "phone": "1-770-736-8031 x56442",
    "website": "hildegard.org",
    "company": {
      "name": "Romaguera-Crona",
      "catchPhrase": "Multi-layered client-server neural-net",
      "bs": "harness real-time e-markets"
    }
  },
  {
    "id": 2,
    "name": "Ervin Howell",
    "username": "Antonette",
    "email": "Shanna@melissa.tv",
    "address": {
      "street": "Victor Plains",
      "suite": "Suite 879",
      "city": "Wisokyburgh",
      "zipcode": "90566-7771",
      "geo": {
        "lat": "-43.9509",
        "lng": "-34.4618"
      }
    },
    "phone": "010-692-6593 x09125",
    "website": "anastasia.net",
    "company": {
      "name": "Deckow-Crist",
      "catchPhrase": "Proactive didactic contingency",
      "bs": "synergize scalable supply-chains"
    }
  },
  {
    "id": 3,
    "name": "Clementine Bauch",
    "username": "Samantha",
    "email": "Nathan@yesenia.net",
    "address": {
      "street": "Douglas Extension",
      "suite": "Suite 847",
      "city": "McKenziehaven",
      "zipcode": "59590-4157",
      "geo": {
        "lat": "-68.6102",
        "lng": "-47.0653"
      }
    },
    "phone": "1-463-123-4447",
    "website": "ramiro.info",
    "company": {
      "name": "Romaguera-Jacobson",
      "catchPhrase": "Face to face bifurcated interface",
      "bs": "e-enable strategic applications"
    }
  },
  {
    "id": 4,
    "name": "Patricia Lebsack",
    "username": "Karianne",
    "email": "Julianne.OConner@kory.org",
    "address": {
      "street": "Hoeger Mall",
      "suite": "Apt. 692",
      "city": "South Elvis",
      "zipcode": "53919-4257",
      "geo": {
        "lat": "29.4572",
        "lng": "-164.2990"
      }
    },
    "phone": "493-170-9623 x156",
    "website": "kale.biz",
    "company": {
      "name": "Robel-Corkery",
      "catchPhrase": "Multi-tiered zero tolerance productivity",
      "bs": "transition cutting-edge web services"
    }
  },
  {
    "id": 5,
    "name": "Chelsey Dietrich",
    "username": "Kamren",
    "email": "Lucio_Hettinger@annie.ca",
    "address": {
      "street": "Skiles Walks",
      "suite": "Suite 351",
      "city": "Roscoeview",
      "zipcode": "33263",
      "geo": {
        "lat": "-31.8129",
        "lng": "62.5342"
      }
    },
    "phone": "(254)954-1289",
    "website": "demarco.info",
    "company": {
      "name": "Keebler LLC",
      "catchPhrase": "User-centric fault-tolerant solution",
      "bs": "revolutionize end-to-end systems"
    }
  },
  {
    "id": 6,
    "name": "Mrs. Dennis Schulist",
    "username": "Leopoldo_Corkery",
    "email": "Karley_Dach@jasper.info",
    "address": {
      "street": "Norberto Crossing",
      "suite": "Apt. 950",
      "city": "South Christy",
      "zipcode": "23505-1337",
      "geo": {
        "lat": "-71.4197",
        "lng": "71.7478"
      }
    },
    "phone": "1-477-935-8478 x6430",
    "website": "ola.org",
    "company": {
      "name": "Considine-Lockman",
      "catchPhrase": "Synchronised bottom-line interface",
      "bs": "e-enable innovative applications"
    }
  },
  {
    "id": 7,
    "name": "Kurtis Weissnat",
    "username": "Elwyn.Skiles",
    "email": "Telly.Hoeger@billy.biz",
    "address": {
      "street": "Rex Trail",
      "suite": "Suite 280",
      "city": "Howemouth",
      "zipcode": "58804-1099",
      "geo": {
        "lat": "24.8918",
        "lng": "21.8984"
      }
    },
    "phone": "210.067.6132",
    "website": "elvis.io",
    "company": {
      "name": "Johns Group",
      "catchPhrase": "Configurable multimedia task-force",
      "bs": "generate enterprise e-tailers"
    }
  },
  {
    "id": 8,
    "name": "Nicholas Runolfsdottir V",
    "username": "Maxime_Nienow",
    "email": "Sherwood@rosamond.me",
    "address": {
      "street": "Ellsworth Summit",
      "suite": "Suite 729",
      "city": "Aliyaview",
      "zipcode": "45169",
      "geo": {
        "lat": "-14.3990",
        "lng": "-120.7677"
      }
    },
    "phone": "586.493.6943 x140",
    "website": "jacynthe.com",
    "company": {
      "name": "Abernathy Group",
      "catchPhrase": "Implemented secondary concept",
      "bs": "e-enable extensible e-tailers"
    }
  },
  {
    "id": 9,
    "name": "Glenna Reichert",
    "username": "Delphine",
    "email": "Chaim_McDermott@dana.io",
    "address": {
      "street": "Dayna Park",
      "suite": "Suite 449",
      "city": "Bartholomebury",
      "zipcode": "76495-3109",
      "geo": {
        "lat": "24.6463",
        "lng": "-168.8889"
      }
    },
    "phone": "(775)976-6794 x41206",
    "website": "conrad.com",
    "company": {
      "name": "Yost and Sons",
      "catchPhrase": "Switchable contextually-based project",
      "bs": "aggregate real-time technologies"
    }
  },
  {
    "id": 10,
    "name": "Clementina DuBuque",
    "username": "Moriah.Stanton",
    "email": "Rey.Padberg@karina.biz",
    "address": {
      "street": "Kattie Turnpike",
      "suite": "Suite 198",
      "city": "Lebsackbury",
      "zipcode": "31428-2261",
      "geo": {
        "lat": "-38.2386",
        "lng": "57.2232"
      }
    },
    "phone": "024-648-3804",
    "website": "ambrose.net",
    "company": {
      "name": "Hoeger LLC",
      "catchPhrase": "Centralized empowering task-force",
      "bs": "target end-to-end models"
    }
  }
]
16:15:13.463 [pool-1-thread-1] INFO  com.intuit.karate - [print] [
  {
    "id": 1,
    "name": "Leanne Graham",
    "username": "Bret",
    "email": "Sincere@april.biz",
    "address": {
      "street": "Kulas Light",
      "suite": "Apt. 556",
      "city": "Gwenborough",
      "zipcode": "92998-3874",
      "geo": {
        "lat": "-37.3159",
        "lng": "81.1496"
      }
    },
    "phone": "1-770-736-8031 x56442",
    "website": "hildegard.org",
    "company": {
      "name": "Romaguera-Crona",
      "catchPhrase": "Multi-layered client-server neural-net",
      "bs": "harness real-time e-markets"
    }
  },
  {
    "id": 2,
    "name": "Ervin Howell",
    "username": "Antonette",
    "email": "Shanna@melissa.tv",
    "address": {
      "street": "Victor Plains",
      "suite": "Suite 879",
      "city": "Wisokyburgh",
      "zipcode": "90566-7771",
      "geo": {
        "lat": "-43.9509",
        "lng": "-34.4618"
      }
    },
    "phone": "010-692-6593 x09125",
    "website": "anastasia.net",
    "company": {
      "name": "Deckow-Crist",
      "catchPhrase": "Proactive didactic contingency",
      "bs": "synergize scalable supply-chains"
    }
  },
  {
    "id": 3,
    "name": "Clementine Bauch",
    "username": "Samantha",
    "email": "Nathan@yesenia.net",
    "address": {
      "street": "Douglas Extension",
      "suite": "Suite 847",
      "city": "McKenziehaven",
      "zipcode": "59590-4157",
      "geo": {
        "lat": "-68.6102",
        "lng": "-47.0653"
      }
    },
    "phone": "1-463-123-4447",
    "website": "ramiro.info",
    "company": {
      "name": "Romaguera-Jacobson",
      "catchPhrase": "Face to face bifurcated interface",
      "bs": "e-enable strategic applications"
    }
  },
  {
    "id": 4,
    "name": "Patricia Lebsack",
    "username": "Karianne",
    "email": "Julianne.OConner@kory.org",
    "address": {
      "street": "Hoeger Mall",
      "suite": "Apt. 692",
      "city": "South Elvis",
      "zipcode": "53919-4257",
      "geo": {
        "lat": "29.4572",
        "lng": "-164.2990"
      }
    },
    "phone": "493-170-9623 x156",
    "website": "kale.biz",
    "company": {
      "name": "Robel-Corkery",
      "catchPhrase": "Multi-tiered zero tolerance productivity",
      "bs": "transition cutting-edge web services"
    }
  },
  {
    "id": 5,
    "name": "Chelsey Dietrich",
    "username": "Kamren",
    "email": "Lucio_Hettinger@annie.ca",
    "address": {
      "street": "Skiles Walks",
      "suite": "Suite 351",
      "city": "Roscoeview",
      "zipcode": "33263",
      "geo": {
        "lat": "-31.8129",
        "lng": "62.5342"
      }
    },
    "phone": "(254)954-1289",
    "website": "demarco.info",
    "company": {
      "name": "Keebler LLC",
      "catchPhrase": "User-centric fault-tolerant solution",
      "bs": "revolutionize end-to-end systems"
    }
  },
  {
    "id": 6,
    "name": "Mrs. Dennis Schulist",
    "username": "Leopoldo_Corkery",
    "email": "Karley_Dach@jasper.info",
    "address": {
      "street": "Norberto Crossing",
      "suite": "Apt. 950",
      "city": "South Christy",
      "zipcode": "23505-1337",
      "geo": {
        "lat": "-71.4197",
        "lng": "71.7478"
      }
    },
    "phone": "1-477-935-8478 x6430",
    "website": "ola.org",
    "company": {
      "name": "Considine-Lockman",
      "catchPhrase": "Synchronised bottom-line interface",
      "bs": "e-enable innovative applications"
    }
  },
  {
    "id": 7,
    "name": "Kurtis Weissnat",
    "username": "Elwyn.Skiles",
    "email": "Telly.Hoeger@billy.biz",
    "address": {
      "street": "Rex Trail",
      "suite": "Suite 280",
      "city": "Howemouth",
      "zipcode": "58804-1099",
      "geo": {
        "lat": "24.8918",
        "lng": "21.8984"
      }
    },
    "phone": "210.067.6132",
    "website": "elvis.io",
    "company": {
      "name": "Johns Group",
      "catchPhrase": "Configurable multimedia task-force",
      "bs": "generate enterprise e-tailers"
    }
  },
  {
    "id": 8,
    "name": "Nicholas Runolfsdottir V",
    "username": "Maxime_Nienow",
    "email": "Sherwood@rosamond.me",
    "address": {
      "street": "Ellsworth Summit",
      "suite": "Suite 729",
      "city": "Aliyaview",
      "zipcode": "45169",
      "geo": {
        "lat": "-14.3990",
        "lng": "-120.7677"
      }
    },
    "phone": "586.493.6943 x140",
    "website": "jacynthe.com",
    "company": {
      "name": "Abernathy Group",
      "catchPhrase": "Implemented secondary concept",
      "bs": "e-enable extensible e-tailers"
    }
  },
  {
    "id": 9,
    "name": "Glenna Reichert",
    "username": "Delphine",
    "email": "Chaim_McDermott@dana.io",
    "address": {
      "street": "Dayna Park",
      "suite": "Suite 449",
      "city": "Bartholomebury",
      "zipcode": "76495-3109",
      "geo": {
        "lat": "24.6463",
        "lng": "-168.8889"
      }
    },
    "phone": "(775)976-6794 x41206",
    "website": "conrad.com",
    "company": {
      "name": "Yost and Sons",
      "catchPhrase": "Switchable contextually-based project",
      "bs": "aggregate real-time technologies"
    }
  },
  {
    "id": 10,
    "name": "Clementina DuBuque",
    "username": "Moriah.Stanton",
    "email": "Rey.Padberg@karina.biz",
    "address": {
      "street": "Kattie Turnpike",
      "suite": "Suite 198",
      "city": "Lebsackbury",
      "zipcode": "31428-2261",
      "geo": {
        "lat": "-38.2386",
        "lng": "57.2232"
      }
    },
    "phone": "024-648-3804",
    "website": "ambrose.net",
    "company": {
      "name": "Hoeger LLC",
      "catchPhrase": "Centralized empowering task-force",
      "bs": "target end-to-end models"
    }
  }
]
 
16:15:13.475 [pool-1-thread-1] INFO  com.intuit.karate - [print] 1 
16:15:13.487 [pool-1-thread-1] INFO  com.intuit.karate - karate.env system property was: null 
16:15:13.490 [pool-1-thread-1] DEBUG com.intuit.karate - request:
1 > POST https://jsonplaceholder.typicode.com/users
1 > Content-Type: application/json; charset=UTF-8
1 > Content-Length: 156
1 > Host: jsonplaceholder.typicode.com
1 > Connection: Keep-Alive
1 > User-Agent: Apache-HttpClient/4.5.13 (Java/1.8.0_241)
1 > Accept-Encoding: gzip,deflate
{"name":"sasha","username":"sasha001","email":"sasha@gmail.com","address":{"street":"123 no where","suite":"apt 111","city":"Paris","zipcode":"22185-5525"}}

16:15:13.568 [pool-1-thread-4] DEBUG com.intuit.karate - response time in milliseconds: 363
1 < 201
1 < Date: Thu, 03 Mar 2022 00:15:13 GMT
1 < Content-Type: application/json; charset=utf-8
1 < Content-Length: 212
1 < Connection: keep-alive
1 < X-Powered-By: Express
1 < X-Ratelimit-Limit: 1000
1 < X-Ratelimit-Remaining: 999
1 < X-Ratelimit-Reset: 1646266539
1 < Vary: Origin, X-HTTP-Method-Override, Accept-Encoding
1 < Access-Control-Allow-Credentials: true
1 < Cache-Control: no-cache
1 < Pragma: no-cache
1 < Expires: -1
1 < Access-Control-Expose-Headers: Location
1 < Location: http://jsonplaceholder.typicode.com/users/11
1 < X-Content-Type-Options: nosniff
1 < Etag: W/"d4-JozIGcjdAJP1o239f760SZOZFAk"
1 < Via: 1.1 vegur
1 < CF-Cache-Status: DYNAMIC
1 < Expect-CT: max-age=604800, report-uri="https://report-uri.cloudflare.com/cdn-cgi/beacon/expect-ct"
1 < Report-To: {"endpoints":[{"url":"https:\/\/a.nel.cloudflare.com\/report\/v3?s=EdfCgthQHtygudoBQfTo34lXDeOctpBWnS0Q5vUosYjm4QlxSm2S1RXUoRzeMouHz7%2BGxSBhFFKJYq19KNSxIhn3VE3v5wCFlmxf3RtlBk9aR6Vnrg4SUQVHe8%2BA%2FOESwFce5kixPTc0AFeqO6w6"}],"group":"cf-nel","max_age":604800}
1 < NEL: {"success_fraction":0,"report_to":"cf-nel","max_age":604800}
1 < Server: cloudflare
1 < CF-RAY: 6e5e2d2d3eb87c71-LAX
1 < alt-svc: h3=":443"; ma=86400, h3-29=":443"; ma=86400
{
  "name": "jack",
  "username": "jack001",
  "email": "jack@gmail.com",
  "address": {
    "street": "123 no where",
    "suite": "apt 111",
    "city": "New york",
    "zipcode": "22185-5525"
  },
  "id": 11
}
16:15:13.571 [pool-1-thread-4] INFO  com.intuit.karate - [print] {
  "name": "jack",
  "username": "jack001",
  "email": "jack@gmail.com",
  "address": {
    "street": "123 no where",
    "suite": "apt 111",
    "city": "New york",
    "zipcode": "22185-5525"
  },
  "id": 11
}
 
16:15:13.578 [pool-1-thread-5] DEBUG com.intuit.karate - response time in milliseconds: 373
1 < 201
1 < Date: Thu, 03 Mar 2022 00:15:13 GMT
1 < Content-Type: application/json; charset=utf-8
1 < Content-Length: 217
1 < Connection: keep-alive
1 < X-Powered-By: Express
1 < X-Ratelimit-Limit: 1000
1 < X-Ratelimit-Remaining: 998
1 < X-Ratelimit-Reset: 1646266539
1 < Vary: Origin, X-HTTP-Method-Override, Accept-Encoding
1 < Access-Control-Allow-Credentials: true
1 < Cache-Control: no-cache
1 < Pragma: no-cache
1 < Expires: -1
1 < Access-Control-Expose-Headers: Location
1 < Location: http://jsonplaceholder.typicode.com/users/11
1 < X-Content-Type-Options: nosniff
1 < Etag: W/"d9-InLO6/td3H81FT4Ux/j/3SwmL9A"
1 < Via: 1.1 vegur
1 < CF-Cache-Status: DYNAMIC
1 < Expect-CT: max-age=604800, report-uri="https://report-uri.cloudflare.com/cdn-cgi/beacon/expect-ct"
1 < Report-To: {"endpoints":[{"url":"https:\/\/a.nel.cloudflare.com\/report\/v3?s=Y2Z%2FqGPl93gJKiljerF%2B0B4JLJtBgf4r6tMzwKah4Hg%2BdjU9YV404IF8Mpj9tn3FUSLUjyCsZy4Gt%2Bz41dlwWmfC39voCRhYORmYZWiB1RuY6CL5CoBhltsgDIAQ%2FUtSFok374yk%2BiHNtxiG8Q0m"}],"group":"cf-nel","max_age":604800}
1 < NEL: {"success_fraction":0,"report_to":"cf-nel","max_age":604800}
1 < Server: cloudflare
1 < CF-RAY: 6e5e2d2d3ea77e52-LAX
1 < alt-svc: h3=":443"; ma=86400, h3-29=":443"; ma=86400
{
  "name": "ahmad",
  "username": "ahmad001",
  "email": "ahmad@gmail.com",
  "address": {
    "street": "123 no where",
    "suite": "apt 111",
    "city": "Washington",
    "zipcode": "22185-5525"
  },
  "id": 11
}
16:15:13.578 [pool-1-thread-2] DEBUG com.intuit.karate - response time in milliseconds: 373
1 < 201
1 < Date: Thu, 03 Mar 2022 00:15:13 GMT
1 < Content-Type: application/json; charset=utf-8
1 < Content-Length: 229
1 < Connection: keep-alive
1 < X-Powered-By: Express
1 < X-Ratelimit-Limit: 1000
1 < X-Ratelimit-Remaining: 997
1 < X-Ratelimit-Reset: 1646266539
1 < Vary: Origin, X-HTTP-Method-Override, Accept-Encoding
1 < Access-Control-Allow-Credentials: true
1 < Cache-Control: no-cache
1 < Pragma: no-cache
1 < Expires: -1
1 < Access-Control-Expose-Headers: Location
1 < Location: http://jsonplaceholder.typicode.com/users/11
1 < X-Content-Type-Options: nosniff
1 < Etag: W/"e5-3UUcPCg8qz3ac976SOcndIhR5eQ"
1 < Via: 1.1 vegur
1 < CF-Cache-Status: DYNAMIC
1 < Expect-CT: max-age=604800, report-uri="https://report-uri.cloudflare.com/cdn-cgi/beacon/expect-ct"
1 < Report-To: {"endpoints":[{"url":"https:\/\/a.nel.cloudflare.com\/report\/v3?s=OGhfWxXOSE%2F4MGMyP2k5hBwMwnclai%2BnASF1PQUkZUDaCFmR7XUwJ6VjTwNfCPZDrzhoFGeEzfZFb%2FEnvKxyROnHveJvpoH4Bk053O428Y%2ForewF5XXNGfwGOfDeKzXSAr3bZCx%2BRdJPQ70HLYC6"}],"group":"cf-nel","max_age":604800}
1 < NEL: {"success_fraction":0,"report_to":"cf-nel","max_age":604800}
1 < Server: cloudflare
1 < CF-RAY: 6e5e2d2d38327b29-LAX
1 < alt-svc: h3=":443"; ma=86400, h3-29=":443"; ma=86400
{
  "name": "James Bond",
  "username": "bond007",
  "email": "james.bond@gmail.com",
  "address": {
    "street": "007 No time to die",
    "suite": "Apt. 007",
    "city": "London",
    "zipcode": "54321-6789"
  },
  "id": 11
}
16:15:13.581 [pool-1-thread-2] INFO  com.intuit.karate - [print] {
  "name": "James Bond",
  "username": "bond007",
  "email": "james.bond@gmail.com",
  "address": {
    "street": "007 No time to die",
    "suite": "Apt. 007",
    "city": "London",
    "zipcode": "54321-6789"
  },
  "id": 11
}
 
16:15:13.581 [pool-1-thread-5] INFO  com.intuit.karate - [print] {
  "name": "ahmad",
  "username": "ahmad001",
  "email": "ahmad@gmail.com",
  "address": {
    "street": "123 no where",
    "suite": "apt 111",
    "city": "Washington",
    "zipcode": "22185-5525"
  },
  "id": 11
}
 
16:15:13.594 [pool-1-thread-4] INFO  com.intuit.karate - karate.env system property was: null 
16:15:13.594 [pool-1-thread-5] INFO  com.intuit.karate - karate.env system property was: null 
16:15:13.598 [pool-1-thread-4] DEBUG com.intuit.karate - request:
1 > GET https://jsonplaceholder.typicode.com/users
1 > Host: jsonplaceholder.typicode.com
1 > Connection: Keep-Alive
1 > User-Agent: Apache-HttpClient/4.5.13 (Java/1.8.0_241)
1 > Accept-Encoding: gzip,deflate


16:15:13.598 [pool-1-thread-5] DEBUG com.intuit.karate - request:
1 > POST https://jsonplaceholder.typicode.com/users
1 > Content-Type: application/json; charset=UTF-8
1 > Content-Length: 160
1 > Host: jsonplaceholder.typicode.com
1 > Connection: Keep-Alive
1 > User-Agent: Apache-HttpClient/4.5.13 (Java/1.8.0_241)
1 > Accept-Encoding: gzip,deflate
{"name":"Test User","username":"testuser","email":"test@user.com","address":{"street":"Has No Name","suite":"Apt. 123","city":"Electri","zipcode":"54321-6789"}}

16:15:13.619 [pool-1-thread-3] DEBUG com.intuit.karate - response time in milliseconds: 414
1 < 201
1 < Date: Thu, 03 Mar 2022 00:15:13 GMT
1 < Content-Type: application/json; charset=utf-8
1 < Content-Length: 210
1 < Connection: keep-alive
1 < X-Powered-By: Express
1 < X-Ratelimit-Limit: 1000
1 < X-Ratelimit-Remaining: 996
1 < X-Ratelimit-Reset: 1646266539
1 < Vary: Origin, X-HTTP-Method-Override, Accept-Encoding
1 < Access-Control-Allow-Credentials: true
1 < Cache-Control: no-cache
1 < Pragma: no-cache
1 < Expires: -1
1 < Access-Control-Expose-Headers: Location
1 < Location: http://jsonplaceholder.typicode.com/users/11
1 < X-Content-Type-Options: nosniff
1 < Etag: W/"d2-1L2OIRp0uNxPAe+VUIAxVf+4nw8"
1 < Via: 1.1 vegur
1 < CF-Cache-Status: DYNAMIC
1 < Expect-CT: max-age=604800, report-uri="https://report-uri.cloudflare.com/cdn-cgi/beacon/expect-ct"
1 < Report-To: {"endpoints":[{"url":"https:\/\/a.nel.cloudflare.com\/report\/v3?s=TtaDYuAIMLecpenYSOqJGfi%2BAdSCBJ2b3iZURBGxEjSybhpUWzdhaBJ5HoS2LwFqT0WQ3sMI04QTGMc6zRYhHuEZGmYwVa4t6fhK7MUVHQt5xd7V7ycY0QkjLw4WCDO54ytWge7mCVW6I5DxGQsv"}],"group":"cf-nel","max_age":604800}
1 < NEL: {"success_fraction":0,"report_to":"cf-nel","max_age":604800}
1 < Server: cloudflare
1 < CF-RAY: 6e5e2d2d4edb7c89-LAX
1 < alt-svc: h3=":443"; ma=86400, h3-29=":443"; ma=86400
{
  "name": "alex",
  "username": "alex001",
  "email": "alex@gmail.com",
  "address": {
    "street": "123 no where",
    "suite": "apt 111",
    "city": "London",
    "zipcode": "22185-5525"
  },
  "id": 11
}
16:15:13.621 [pool-1-thread-3] INFO  com.intuit.karate - [print] {
  "name": "alex",
  "username": "alex001",
  "email": "alex@gmail.com",
  "address": {
    "street": "123 no where",
    "suite": "apt 111",
    "city": "London",
    "zipcode": "22185-5525"
  },
  "id": 11
}
 
16:15:13.774 [pool-1-thread-4] DEBUG com.intuit.karate - response time in milliseconds: 175
1 < 200
1 < Date: Thu, 03 Mar 2022 00:15:13 GMT
1 < Content-Type: application/json; charset=utf-8
1 < Transfer-Encoding: chunked
1 < Connection: keep-alive
1 < x-powered-by: Express
1 < x-ratelimit-limit: 1000
1 < x-ratelimit-remaining: 996
1 < x-ratelimit-reset: 1642003743
1 < vary: Origin, Accept-Encoding
1 < access-control-allow-credentials: true
1 < cache-control: max-age=43200
1 < pragma: no-cache
1 < expires: -1
1 < x-content-type-options: nosniff
1 < etag: W/"160d-1eMSsxeJRfnVLRBmYJSbCiJZ1qQ"
1 < via: 1.1 vegur
1 < CF-Cache-Status: HIT
1 < Age: 21281
1 < Expect-CT: max-age=604800, report-uri="https://report-uri.cloudflare.com/cdn-cgi/beacon/expect-ct"
1 < Report-To: {"endpoints":[{"url":"https:\/\/a.nel.cloudflare.com\/report\/v3?s=5EbYl9GZv%2B8O8EqdAC3zNF100bNX%2FQ92efytgLM%2B7erp9UEhm%2FzDM8cm1ZupNxt0jABCcU9ja5t7vii9GWo42oZmvVEiHbRk5ddszJpUEBLZIC079FG8ABaTZGZzIOW7ioa%2FwXqfsYmsQexVJvn4"}],"group":"cf-nel","max_age":604800}
1 < NEL: {"success_fraction":0,"report_to":"cf-nel","max_age":604800}
1 < Server: cloudflare
1 < CF-RAY: 6e5e2d2f188a526f-LAX
1 < alt-svc: h3=":443"; ma=86400, h3-29=":443"; ma=86400
[
  {
    "id": 1,
    "name": "Leanne Graham",
    "username": "Bret",
    "email": "Sincere@april.biz",
    "address": {
      "street": "Kulas Light",
      "suite": "Apt. 556",
      "city": "Gwenborough",
      "zipcode": "92998-3874",
      "geo": {
        "lat": "-37.3159",
        "lng": "81.1496"
      }
    },
    "phone": "1-770-736-8031 x56442",
    "website": "hildegard.org",
    "company": {
      "name": "Romaguera-Crona",
      "catchPhrase": "Multi-layered client-server neural-net",
      "bs": "harness real-time e-markets"
    }
  },
  {
    "id": 2,
    "name": "Ervin Howell",
    "username": "Antonette",
    "email": "Shanna@melissa.tv",
    "address": {
      "street": "Victor Plains",
      "suite": "Suite 879",
      "city": "Wisokyburgh",
      "zipcode": "90566-7771",
      "geo": {
        "lat": "-43.9509",
        "lng": "-34.4618"
      }
    },
    "phone": "010-692-6593 x09125",
    "website": "anastasia.net",
    "company": {
      "name": "Deckow-Crist",
      "catchPhrase": "Proactive didactic contingency",
      "bs": "synergize scalable supply-chains"
    }
  },
  {
    "id": 3,
    "name": "Clementine Bauch",
    "username": "Samantha",
    "email": "Nathan@yesenia.net",
    "address": {
      "street": "Douglas Extension",
      "suite": "Suite 847",
      "city": "McKenziehaven",
      "zipcode": "59590-4157",
      "geo": {
        "lat": "-68.6102",
        "lng": "-47.0653"
      }
    },
    "phone": "1-463-123-4447",
    "website": "ramiro.info",
    "company": {
      "name": "Romaguera-Jacobson",
      "catchPhrase": "Face to face bifurcated interface",
      "bs": "e-enable strategic applications"
    }
  },
  {
    "id": 4,
    "name": "Patricia Lebsack",
    "username": "Karianne",
    "email": "Julianne.OConner@kory.org",
    "address": {
      "street": "Hoeger Mall",
      "suite": "Apt. 692",
      "city": "South Elvis",
      "zipcode": "53919-4257",
      "geo": {
        "lat": "29.4572",
        "lng": "-164.2990"
      }
    },
    "phone": "493-170-9623 x156",
    "website": "kale.biz",
    "company": {
      "name": "Robel-Corkery",
      "catchPhrase": "Multi-tiered zero tolerance productivity",
      "bs": "transition cutting-edge web services"
    }
  },
  {
    "id": 5,
    "name": "Chelsey Dietrich",
    "username": "Kamren",
    "email": "Lucio_Hettinger@annie.ca",
    "address": {
      "street": "Skiles Walks",
      "suite": "Suite 351",
      "city": "Roscoeview",
      "zipcode": "33263",
      "geo": {
        "lat": "-31.8129",
        "lng": "62.5342"
      }
    },
    "phone": "(254)954-1289",
    "website": "demarco.info",
    "company": {
      "name": "Keebler LLC",
      "catchPhrase": "User-centric fault-tolerant solution",
      "bs": "revolutionize end-to-end systems"
    }
  },
  {
    "id": 6,
    "name": "Mrs. Dennis Schulist",
    "username": "Leopoldo_Corkery",
    "email": "Karley_Dach@jasper.info",
    "address": {
      "street": "Norberto Crossing",
      "suite": "Apt. 950",
      "city": "South Christy",
      "zipcode": "23505-1337",
      "geo": {
        "lat": "-71.4197",
        "lng": "71.7478"
      }
    },
    "phone": "1-477-935-8478 x6430",
    "website": "ola.org",
    "company": {
      "name": "Considine-Lockman",
      "catchPhrase": "Synchronised bottom-line interface",
      "bs": "e-enable innovative applications"
    }
  },
  {
    "id": 7,
    "name": "Kurtis Weissnat",
    "username": "Elwyn.Skiles",
    "email": "Telly.Hoeger@billy.biz",
    "address": {
      "street": "Rex Trail",
      "suite": "Suite 280",
      "city": "Howemouth",
      "zipcode": "58804-1099",
      "geo": {
        "lat": "24.8918",
        "lng": "21.8984"
      }
    },
    "phone": "210.067.6132",
    "website": "elvis.io",
    "company": {
      "name": "Johns Group",
      "catchPhrase": "Configurable multimedia task-force",
      "bs": "generate enterprise e-tailers"
    }
  },
  {
    "id": 8,
    "name": "Nicholas Runolfsdottir V",
    "username": "Maxime_Nienow",
    "email": "Sherwood@rosamond.me",
    "address": {
      "street": "Ellsworth Summit",
      "suite": "Suite 729",
      "city": "Aliyaview",
      "zipcode": "45169",
      "geo": {
        "lat": "-14.3990",
        "lng": "-120.7677"
      }
    },
    "phone": "586.493.6943 x140",
    "website": "jacynthe.com",
    "company": {
      "name": "Abernathy Group",
      "catchPhrase": "Implemented secondary concept",
      "bs": "e-enable extensible e-tailers"
    }
  },
  {
    "id": 9,
    "name": "Glenna Reichert",
    "username": "Delphine",
    "email": "Chaim_McDermott@dana.io",
    "address": {
      "street": "Dayna Park",
      "suite": "Suite 449",
      "city": "Bartholomebury",
      "zipcode": "76495-3109",
      "geo": {
        "lat": "24.6463",
        "lng": "-168.8889"
      }
    },
    "phone": "(775)976-6794 x41206",
    "website": "conrad.com",
    "company": {
      "name": "Yost and Sons",
      "catchPhrase": "Switchable contextually-based project",
      "bs": "aggregate real-time technologies"
    }
  },
  {
    "id": 10,
    "name": "Clementina DuBuque",
    "username": "Moriah.Stanton",
    "email": "Rey.Padberg@karina.biz",
    "address": {
      "street": "Kattie Turnpike",
      "suite": "Suite 198",
      "city": "Lebsackbury",
      "zipcode": "31428-2261",
      "geo": {
        "lat": "-38.2386",
        "lng": "57.2232"
      }
    },
    "phone": "024-648-3804",
    "website": "ambrose.net",
    "company": {
      "name": "Hoeger LLC",
      "catchPhrase": "Centralized empowering task-force",
      "bs": "target end-to-end models"
    }
  }
]
16:15:13.785 [pool-1-thread-4] DEBUG com.intuit.karate - request:
2 > GET https://jsonplaceholder.typicode.com/users/1
2 > Host: jsonplaceholder.typicode.com
2 > Connection: Keep-Alive
2 > User-Agent: Apache-HttpClient/4.5.13 (Java/1.8.0_241)
2 > Accept-Encoding: gzip,deflate


16:15:13.821 [pool-1-thread-1] DEBUG com.intuit.karate - response time in milliseconds: 330
1 < 201
1 < Date: Thu, 03 Mar 2022 00:15:13 GMT
1 < Content-Type: application/json; charset=utf-8
1 < Content-Length: 212
1 < Connection: keep-alive
1 < X-Powered-By: Express
1 < X-Ratelimit-Limit: 1000
1 < X-Ratelimit-Remaining: 995
1 < X-Ratelimit-Reset: 1646266539
1 < Vary: Origin, X-HTTP-Method-Override, Accept-Encoding
1 < Access-Control-Allow-Credentials: true
1 < Cache-Control: no-cache
1 < Pragma: no-cache
1 < Expires: -1
1 < Access-Control-Expose-Headers: Location
1 < Location: http://jsonplaceholder.typicode.com/users/11
1 < X-Content-Type-Options: nosniff
1 < Etag: W/"d4-cJ4mgscaD2FJxJHzljnzeSptScY"
1 < Via: 1.1 vegur
1 < CF-Cache-Status: DYNAMIC
1 < Expect-CT: max-age=604800, report-uri="https://report-uri.cloudflare.com/cdn-cgi/beacon/expect-ct"
1 < Report-To: {"endpoints":[{"url":"https:\/\/a.nel.cloudflare.com\/report\/v3?s=X%2FvA%2FO%2FStWr3Y3aO4JubEYJh6xp4qKG58RFb9R430%2FVsa3tgNVhGI9%2BXQtEsPLyo5M4BlqDsWbN3eYYQsjtFx3eaKnc4VZI3%2FfIEsANPva4el6hjm%2BjOWrGafl%2FlnaTVOFkHVJJgmbuXgIYEAFz9"}],"group":"cf-nel","max_age":604800}
1 < NEL: {"success_fraction":0,"report_to":"cf-nel","max_age":604800}
1 < Server: cloudflare
1 < CF-RAY: 6e5e2d2eab7252c5-LAX
1 < alt-svc: h3=":443"; ma=86400, h3-29=":443"; ma=86400
{
  "name": "sasha",
  "username": "sasha001",
  "email": "sasha@gmail.com",
  "address": {
    "street": "123 no where",
    "suite": "apt 111",
    "city": "Paris",
    "zipcode": "22185-5525"
  },
  "id": 11
}
16:15:13.822 [pool-1-thread-1] INFO  com.intuit.karate - [print] {
  "name": "sasha",
  "username": "sasha001",
  "email": "sasha@gmail.com",
  "address": {
    "street": "123 no where",
    "suite": "apt 111",
    "city": "Paris",
    "zipcode": "22185-5525"
  },
  "id": 11
}
 
16:15:13.830 [pool-1-thread-5] DEBUG com.intuit.karate - response time in milliseconds: 232
1 < 201
1 < Date: Thu, 03 Mar 2022 00:15:13 GMT
1 < Content-Type: application/json; charset=utf-8
1 < Content-Length: 216
1 < Connection: keep-alive
1 < X-Powered-By: Express
1 < X-Ratelimit-Limit: 1000
1 < X-Ratelimit-Remaining: 994
1 < X-Ratelimit-Reset: 1646266539
1 < Vary: Origin, X-HTTP-Method-Override, Accept-Encoding
1 < Access-Control-Allow-Credentials: true
1 < Cache-Control: no-cache
1 < Pragma: no-cache
1 < Expires: -1
1 < Access-Control-Expose-Headers: Location
1 < Location: http://jsonplaceholder.typicode.com/users/11
1 < X-Content-Type-Options: nosniff
1 < Etag: W/"d8-pYV7+YuMGP2hxHPU9ARrf97ifDA"
1 < Via: 1.1 vegur
1 < CF-Cache-Status: DYNAMIC
1 < Expect-CT: max-age=604800, report-uri="https://report-uri.cloudflare.com/cdn-cgi/beacon/expect-ct"
1 < Report-To: {"endpoints":[{"url":"https:\/\/a.nel.cloudflare.com\/report\/v3?s=gjWWaV4YlD3hXgfJIbCXB%2BRwYm2A5lGsBVul%2BY2fJs8Q06qsFLTzVxk6vB7XuC%2B785lUB6qcKs6Ip%2BVXsgFY%2FVRLl5CnEjlDgxTR3c%2BERJZR3gnyvKU96Fwl3oMCic6RB8%2FjPxpM%2Fwq8wXn0dBOO"}],"group":"cf-nel","max_age":604800}
1 < NEL: {"success_fraction":0,"report_to":"cf-nel","max_age":604800}
1 < Server: cloudflare
1 < CF-RAY: 6e5e2d2eda457abf-LAX
1 < alt-svc: h3=":443"; ma=86400, h3-29=":443"; ma=86400
{
  "name": "Test User",
  "username": "testuser",
  "email": "test@user.com",
  "address": {
    "street": "Has No Name",
    "suite": "Apt. 123",
    "city": "Electri",
    "zipcode": "54321-6789"
  },
  "id": 11
}
16:15:13.833 [pool-1-thread-5] INFO  com.intuit.karate - [print] created id is:  11 
16:15:13.878 [pool-1-thread-4] DEBUG com.intuit.karate - response time in milliseconds: 93
2 < 200
2 < Date: Thu, 03 Mar 2022 00:15:13 GMT
2 < Content-Type: application/json; charset=utf-8
2 < Transfer-Encoding: chunked
2 < Connection: keep-alive
2 < x-powered-by: Express
2 < x-ratelimit-limit: 1000
2 < x-ratelimit-remaining: 999
2 < x-ratelimit-reset: 1638397181
2 < vary: Origin, Accept-Encoding
2 < access-control-allow-credentials: true
2 < cache-control: max-age=43200
2 < pragma: no-cache
2 < expires: -1
2 < x-content-type-options: nosniff
2 < etag: W/"1fd-+2Y3G3w049iSZtw5t1mzSnunngE"
2 < via: 1.1 vegur
2 < CF-Cache-Status: HIT
2 < Age: 7012
2 < Expect-CT: max-age=604800, report-uri="https://report-uri.cloudflare.com/cdn-cgi/beacon/expect-ct"
2 < Report-To: {"endpoints":[{"url":"https:\/\/a.nel.cloudflare.com\/report\/v3?s=pme02OT4b9xmg8dowTor56HVxpo8G9o9IkMVTuGmZiUJ8h8NHgG%2BlqmF35idpGUU2R2Pm%2FHHvtZ85yjVLK9HkfpR8Chw14vBZqfgS6BNvWsvSYxD59rAz7N5w5rKyqEM%2BTqLctbvzHlAbk5FOUBF"}],"group":"cf-nel","max_age":604800}
2 < NEL: {"success_fraction":0,"report_to":"cf-nel","max_age":604800}
2 < Server: cloudflare
2 < CF-RAY: 6e5e2d300b807ce9-LAX
2 < alt-svc: h3=":443"; ma=86400, h3-29=":443"; ma=86400
{
  "id": 1,
  "name": "Leanne Graham",
  "username": "Bret",
  "email": "Sincere@april.biz",
  "address": {
    "street": "Kulas Light",
    "suite": "Apt. 556",
    "city": "Gwenborough",
    "zipcode": "92998-3874",
    "geo": {
      "lat": "-37.3159",
      "lng": "81.1496"
    }
  },
  "phone": "1-770-736-8031 x56442",
  "website": "hildegard.org",
  "company": {
    "name": "Romaguera-Crona",
    "catchPhrase": "Multi-layered client-server neural-net",
    "bs": "harness real-time e-markets"
  }
}
16:15:14.433 [pool-2-thread-1] INFO  com.intuit.karate.Suite - <<pass>> feature 1 of 2 (1 remaining) classpath:examples/users/Demo.feature
16:15:14.477 [pool-2-thread-1] INFO  com.intuit.karate.Suite - <<pass>> feature 2 of 2 (0 remaining) classpath:examples/users/users.feature
16:26:41.965 [main] DEBUG com.intuit.karate.Suite - [config] classpath:karate-config.js
16:26:42.944 [main] INFO  com.intuit.karate - karate.env system property was: null 
16:26:43.011 [main] ERROR com.intuit.karate - classpath:examples/users/Demo.feature:10
* def nameValue = dataGenerator.name()
js failed:
>>>>
01: dataGenerator.name()
<<<<
org.graalvm.polyglot.PolyglotException: TypeError:  is not a function
- <js>.:program(Unnamed:1)

classpath:examples/users/Demo.feature:10
16:26:43.041 [main] INFO  com.intuit.karate - karate.env system property was: null 
16:26:43.044 [main] ERROR com.intuit.karate - classpath:examples/users/Demo.feature:10
* def nameValue = dataGenerator.name()
js failed:
>>>>
01: dataGenerator.name()
<<<<
org.graalvm.polyglot.PolyglotException: TypeError:  is not a function
- <js>.:program(Unnamed:1)

classpath:examples/users/Demo.feature:10
16:26:43.054 [main] INFO  com.intuit.karate - karate.env system property was: null 
16:26:43.059 [main] ERROR com.intuit.karate - classpath:examples/users/Demo.feature:10
* def nameValue = dataGenerator.name()
js failed:
>>>>
01: dataGenerator.name()
<<<<
org.graalvm.polyglot.PolyglotException: TypeError:  is not a function
- <js>.:program(Unnamed:1)

classpath:examples/users/Demo.feature:10
16:26:43.068 [main] INFO  com.intuit.karate - karate.env system property was: null 
16:26:43.072 [main] ERROR com.intuit.karate - classpath:examples/users/Demo.feature:10
* def nameValue = dataGenerator.name()
js failed:
>>>>
01: dataGenerator.name()
<<<<
org.graalvm.polyglot.PolyglotException: TypeError:  is not a function
- <js>.:program(Unnamed:1)

classpath:examples/users/Demo.feature:10
16:26:43.081 [main] INFO  com.intuit.karate - karate.env system property was: null 
16:26:43.085 [main] ERROR com.intuit.karate - classpath:examples/users/Demo.feature:10
* def nameValue = dataGenerator.name()
js failed:
>>>>
01: dataGenerator.name()
<<<<
org.graalvm.polyglot.PolyglotException: TypeError:  is not a function
- <js>.:program(Unnamed:1)

classpath:examples/users/Demo.feature:10
16:27:52.284 [main] DEBUG com.intuit.karate.Suite - [config] classpath:karate-config.js
16:27:53.368 [main] INFO  com.intuit.karate - karate.env system property was: null 
16:27:53.432 [main] ERROR com.intuit.karate - classpath:examples/users/Demo.feature:10
* def nameValue = dataGenerator.name()
js failed:
>>>>
01: dataGenerator.name()
<<<<
org.graalvm.polyglot.PolyglotException: TypeError:  is not a function
- <js>.:program(Unnamed:1)

classpath:examples/users/Demo.feature:10
16:30:31.837 [main] DEBUG com.intuit.karate.Suite - [config] classpath:karate-config.js
16:30:32.815 [main] INFO  com.intuit.karate - karate.env system property was: null 
16:30:32.888 [main] ERROR com.intuit.karate - classpath:examples/users/Demo.feature:9
* def nameValue = dataGenerator.getname()
js failed:
>>>>
01: dataGenerator.getname()
<<<<
org.graalvm.polyglot.PolyglotException: TypeError: invokeMember (getname) on examples.users.DataGenerator failed due to: Unknown identifier: getname
- <js>.:program(Unnamed:1)

classpath:examples/users/Demo.feature:9
16:32:43.657 [main] DEBUG com.intuit.karate.Suite - [config] classpath:karate-config.js
16:32:44.683 [main] INFO  com.intuit.karate - karate.env system property was: null 
16:32:44.740 [main] ERROR com.intuit.karate - classpath:examples/users/Demo.feature:9
* def nameValue = dataGenerator.getname()
js failed:
>>>>
01: dataGenerator.getname()
<<<<
org.graalvm.polyglot.PolyglotException: TypeError: invokeMember (getname) on examples.users.DataGenerator failed due to: Unknown identifier: getname
- <js>.:program(Unnamed:1)

classpath:examples/users/Demo.feature:9
16:34:15.325 [main] DEBUG com.intuit.karate.Suite - [config] classpath:karate-config.js
16:34:16.354 [main] INFO  com.intuit.karate - karate.env system property was: null 
16:34:16.425 [main] ERROR com.intuit.karate - classpath:examples/users/Demo.feature:9
* def nameValue = dataGenerator.getname()
js failed:
>>>>
01: dataGenerator.getname()
<<<<
org.graalvm.polyglot.PolyglotException: TypeError: invokeMember (getname) on examples.users.DataGenerator failed due to: Unknown identifier: getname
- <js>.:program(Unnamed:1)

classpath:examples/users/Demo.feature:9
16:36:11.331 [main] DEBUG com.intuit.karate.Suite - [config] classpath:karate-config.js
16:36:12.344 [main] INFO  com.intuit.karate - karate.env system property was: null 
16:36:13.221 [main] DEBUG com.intuit.karate - request:
1 > POST https://jsonplaceholder.typicode.com/users
1 > Content-Type: application/json; charset=UTF-8
1 > Content-Length: 187
1 > Host: jsonplaceholder.typicode.com
1 > Connection: Keep-Alive
1 > User-Agent: Apache-HttpClient/4.5.13 (Java/1.8.0_241)
1 > Accept-Encoding: gzip,deflate
{"name":"(firstnameValue)","username":"(lastNameValue)","email":"james.bond@gmail.com","address":{"street":"007 No time to die","suite":"Apt. 007","city":"London","zipcode":"54321-6789"}}

16:36:13.653 [main] DEBUG com.intuit.karate - response time in milliseconds: 430
1 < 201
1 < Date: Thu, 03 Mar 2022 00:36:13 GMT
1 < Content-Type: application/json; charset=utf-8
1 < Content-Length: 243
1 < Connection: keep-alive
1 < X-Powered-By: Express
1 < X-Ratelimit-Limit: 1000
1 < X-Ratelimit-Remaining: 999
1 < X-Ratelimit-Reset: 1646267799
1 < Vary: Origin, X-HTTP-Method-Override, Accept-Encoding
1 < Access-Control-Allow-Credentials: true
1 < Cache-Control: no-cache
1 < Pragma: no-cache
1 < Expires: -1
1 < Access-Control-Expose-Headers: Location
1 < Location: http://jsonplaceholder.typicode.com/users/11
1 < X-Content-Type-Options: nosniff
1 < Etag: W/"f3-YrnWRVmoFmc2M4/N9Z4PODV/ni4"
1 < Via: 1.1 vegur
1 < CF-Cache-Status: DYNAMIC
1 < Expect-CT: max-age=604800, report-uri="https://report-uri.cloudflare.com/cdn-cgi/beacon/expect-ct"
1 < Report-To: {"endpoints":[{"url":"https:\/\/a.nel.cloudflare.com\/report\/v3?s=HX3aeeNoLw5xCX2Ct6e2Fr%2FIAHnIF2NwInjvCEH8V0QJnHkEyJcdXlV0II4dPZ3UfoZGg6B6u2zU9QH69cgbCb0SzGh30zstab5WyHxRos%2F1omc4GA2Xu4XzcGwQ%2BLPeEGPtkNMy5iT9dQ%2Bl0ENo"}],"group":"cf-nel","max_age":604800}
1 < NEL: {"success_fraction":0,"report_to":"cf-nel","max_age":604800}
1 < Server: cloudflare
1 < CF-RAY: 6e5e4bf06ea17e9c-LAX
1 < alt-svc: h3=":443"; ma=86400, h3-29=":443"; ma=86400
{
  "name": "(firstnameValue)",
  "username": "(lastNameValue)",
  "email": "james.bond@gmail.com",
  "address": {
    "street": "007 No time to die",
    "suite": "Apt. 007",
    "city": "London",
    "zipcode": "54321-6789"
  },
  "id": 11
}
16:36:13.659 [main] INFO  com.intuit.karate - [print] {
  "name": "(firstnameValue)",
  "username": "(lastNameValue)",
  "email": "james.bond@gmail.com",
  "address": {
    "street": "007 No time to die",
    "suite": "Apt. 007",
    "city": "London",
    "zipcode": "54321-6789"
  },
  "id": 11
}
 
16:36:41.151 [main] DEBUG com.intuit.karate.Suite - [config] classpath:karate-config.js
16:36:42.195 [main] INFO  com.intuit.karate - karate.env system property was: null 
16:36:43.086 [main] DEBUG com.intuit.karate - request:
1 > POST https://jsonplaceholder.typicode.com/users
1 > Content-Type: application/json; charset=UTF-8
1 > Content-Length: 163
1 > Host: jsonplaceholder.typicode.com
1 > Connection: Keep-Alive
1 > User-Agent: Apache-HttpClient/4.5.13 (Java/1.8.0_241)
1 > Accept-Encoding: gzip,deflate
{"name":"Ed","username":"Ratke","email":"james.bond@gmail.com","address":{"street":"007 No time to die","suite":"Apt. 007","city":"London","zipcode":"54321-6789"}}

16:36:43.541 [main] DEBUG com.intuit.karate - response time in milliseconds: 454
1 < 201
1 < Date: Thu, 03 Mar 2022 00:36:43 GMT
1 < Content-Type: application/json; charset=utf-8
1 < Content-Length: 219
1 < Connection: keep-alive
1 < X-Powered-By: Express
1 < X-Ratelimit-Limit: 1000
1 < X-Ratelimit-Remaining: 999
1 < X-Ratelimit-Reset: 1646267859
1 < Vary: Origin, X-HTTP-Method-Override, Accept-Encoding
1 < Access-Control-Allow-Credentials: true
1 < Cache-Control: no-cache
1 < Pragma: no-cache
1 < Expires: -1
1 < Access-Control-Expose-Headers: Location
1 < Location: http://jsonplaceholder.typicode.com/users/11
1 < X-Content-Type-Options: nosniff
1 < Etag: W/"db-k8NgvWNoVofbZ/omM/e7s8DAdec"
1 < Via: 1.1 vegur
1 < CF-Cache-Status: DYNAMIC
1 < Expect-CT: max-age=604800, report-uri="https://report-uri.cloudflare.com/cdn-cgi/beacon/expect-ct"
1 < Report-To: {"endpoints":[{"url":"https:\/\/a.nel.cloudflare.com\/report\/v3?s=bi16ByNOTyB5iB8m%2Fw5K4kQI2OYSnwxECzjRNQQbzU%2Bvc663LD3j0V%2BG2dPFpILsdIZIBmwRaiAo4VsHm2khquPHE0YuFAmKHKEX7ElSfNlsuu6fRAafOb0T7dVBuE2R2U7Gzs3hxoeJGw2bvaET"}],"group":"cf-nel","max_age":604800}
1 < NEL: {"success_fraction":0,"report_to":"cf-nel","max_age":604800}
1 < Server: cloudflare
1 < CF-RAY: 6e5e4cab2b5f31b5-LAX
1 < alt-svc: h3=":443"; ma=86400, h3-29=":443"; ma=86400
{
  "name": "Ed",
  "username": "Ratke",
  "email": "james.bond@gmail.com",
  "address": {
    "street": "007 No time to die",
    "suite": "Apt. 007",
    "city": "London",
    "zipcode": "54321-6789"
  },
  "id": 11
}
16:36:43.548 [main] INFO  com.intuit.karate - [print] {
  "name": "Ed",
  "username": "Ratke",
  "email": "james.bond@gmail.com",
  "address": {
    "street": "007 No time to die",
    "suite": "Apt. 007",
    "city": "London",
    "zipcode": "54321-6789"
  },
  "id": 11
}
 
16:37:35.012 [main] DEBUG com.intuit.karate.Suite - [config] classpath:karate-config.js
16:37:35.968 [main] INFO  com.intuit.karate - karate.env system property was: null 
16:37:36.813 [main] DEBUG com.intuit.karate - request:
1 > POST https://jsonplaceholder.typicode.com/users
1 > Content-Type: application/json; charset=UTF-8
1 > Content-Length: 171
1 > Host: jsonplaceholder.typicode.com
1 > Connection: Keep-Alive
1 > User-Agent: Apache-HttpClient/4.5.13 (Java/1.8.0_241)
1 > Accept-Encoding: gzip,deflate
{"name":"Cortez","username":"Bergstrom","email":"james.bond@gmail.com","address":{"street":"007 No time to die","suite":"Apt. 007","city":"London","zipcode":"54321-6789"}}

16:37:37.223 [main] DEBUG com.intuit.karate - response time in milliseconds: 408
1 < 201
1 < Date: Thu, 03 Mar 2022 00:37:37 GMT
1 < Content-Type: application/json; charset=utf-8
1 < Content-Length: 227
1 < Connection: keep-alive
1 < X-Powered-By: Express
1 < X-Ratelimit-Limit: 1000
1 < X-Ratelimit-Remaining: 998
1 < X-Ratelimit-Reset: 1646267859
1 < Vary: Origin, X-HTTP-Method-Override, Accept-Encoding
1 < Access-Control-Allow-Credentials: true
1 < Cache-Control: no-cache
1 < Pragma: no-cache
1 < Expires: -1
1 < Access-Control-Expose-Headers: Location
1 < Location: http://jsonplaceholder.typicode.com/users/11
1 < X-Content-Type-Options: nosniff
1 < Etag: W/"e3-jlaph/q4s5lgZkahqn1fdRVa61I"
1 < Via: 1.1 vegur
1 < CF-Cache-Status: DYNAMIC
1 < Expect-CT: max-age=604800, report-uri="https://report-uri.cloudflare.com/cdn-cgi/beacon/expect-ct"
1 < Report-To: {"endpoints":[{"url":"https:\/\/a.nel.cloudflare.com\/report\/v3?s=0qPmaLI%2FAU949j5W7gIhJ2%2B3R6gg3em257a5L8RlHE%2FB3H5fVbeMFbFVIlUOXxOkjpimuGcLC2dfVKnrxKTjcl%2F%2B0%2F%2FOQrUllMgXhHpjtG%2Bbc0UaqXtXEJfDgeBiT%2Bbj%2FLh0RjYWwgOe9P58mIQF"}],"group":"cf-nel","max_age":604800}
1 < NEL: {"success_fraction":0,"report_to":"cf-nel","max_age":604800}
1 < Server: cloudflare
1 < CF-RAY: 6e5e4dfad8183203-LAX
1 < alt-svc: h3=":443"; ma=86400, h3-29=":443"; ma=86400
{
  "name": "Cortez",
  "username": "Bergstrom",
  "email": "james.bond@gmail.com",
  "address": {
    "street": "007 No time to die",
    "suite": "Apt. 007",
    "city": "London",
    "zipcode": "54321-6789"
  },
  "id": 11
}
16:37:37.228 [main] INFO  com.intuit.karate - [print] {
  "name": "Cortez",
  "username": "Bergstrom",
  "email": "james.bond@gmail.com",
  "address": {
    "street": "007 No time to die",
    "suite": "Apt. 007",
    "city": "London",
    "zipcode": "54321-6789"
  },
  "id": 11
}
 
16:38:34.133 [main] DEBUG com.intuit.karate.Suite - [config] classpath:karate-config.js
16:38:35.025 [main] INFO  com.intuit.karate - karate.env system property was: null 
16:38:35.897 [main] DEBUG com.intuit.karate - request:
1 > POST https://jsonplaceholder.typicode.com/users
1 > Content-Type: application/json; charset=UTF-8
1 > Content-Length: 170
1 > Host: jsonplaceholder.typicode.com
1 > Connection: Keep-Alive
1 > User-Agent: Apache-HttpClient/4.5.13 (Java/1.8.0_241)
1 > Accept-Encoding: gzip,deflate
{"name":"Altha","username":"Hamill","email":"caroleeKuhlman@test.com","address":{"street":"007 No time to die","suite":"Apt. 007","city":"London","zipcode":"54321-6789"}}

16:38:36.323 [main] DEBUG com.intuit.karate - response time in milliseconds: 424
1 < 201
1 < Date: Thu, 03 Mar 2022 00:38:36 GMT
1 < Content-Type: application/json; charset=utf-8
1 < Content-Length: 226
1 < Connection: keep-alive
1 < X-Powered-By: Express
1 < X-Ratelimit-Limit: 1000
1 < X-Ratelimit-Remaining: 999
1 < X-Ratelimit-Reset: 1646267919
1 < Vary: Origin, X-HTTP-Method-Override, Accept-Encoding
1 < Access-Control-Allow-Credentials: true
1 < Cache-Control: no-cache
1 < Pragma: no-cache
1 < Expires: -1
1 < Access-Control-Expose-Headers: Location
1 < Location: http://jsonplaceholder.typicode.com/users/11
1 < X-Content-Type-Options: nosniff
1 < Etag: W/"e2-wS8v8Fjng0eVN0VUkcvE8Tj+DAY"
1 < Via: 1.1 vegur
1 < CF-Cache-Status: DYNAMIC
1 < Expect-CT: max-age=604800, report-uri="https://report-uri.cloudflare.com/cdn-cgi/beacon/expect-ct"
1 < Report-To: {"endpoints":[{"url":"https:\/\/a.nel.cloudflare.com\/report\/v3?s=%2BX7xkz61q%2BSdt2RnLfoErFmWEJOO%2B6WP%2FIoG%2FlmjyhiEKZjRmLGKEHfHE2KTqREcAtpziPlqbPDMlvyI8jGXXA1aOWHyOESj3NS7dwiBR5PqhM%2FBFeMdjAG3xDX8yUnxqZm5iZ1%2FMiAlf5nE647u"}],"group":"cf-nel","max_age":604800}
1 < NEL: {"success_fraction":0,"report_to":"cf-nel","max_age":604800}
1 < Server: cloudflare
1 < CF-RAY: 6e5e4f6c4f1c7af6-LAX
1 < alt-svc: h3=":443"; ma=86400, h3-29=":443"; ma=86400
{
  "name": "Altha",
  "username": "Hamill",
  "email": "caroleeKuhlman@test.com",
  "address": {
    "street": "007 No time to die",
    "suite": "Apt. 007",
    "city": "London",
    "zipcode": "54321-6789"
  },
  "id": 11
}
16:38:36.328 [main] INFO  com.intuit.karate - [print] {
  "name": "Altha",
  "username": "Hamill",
  "email": "caroleeKuhlman@test.com",
  "address": {
    "street": "007 No time to die",
    "suite": "Apt. 007",
    "city": "London",
    "zipcode": "54321-6789"
  },
  "id": 11
}
 
